35,ACT,0,0
50,RDA,0,0
51,ACT,1,0
66,RDA,1,0
86,ACT,0,0
101,RDA,0,0
102,ACT,0,2
117,RDA,0,2
119,ACT,1,1
134,RDA,1,1
137,ACT,0,0
152,RDA,0,0
159,ACT,0,3
174,RDA,0,3
195,ACT,0,0
210,RDA,0,0
232,ACT,1,0
247,RDA,1,0
248,ACT,0,3
263,RDA,0,3
283,ACT,1,0
298,RDA,1,0
334,ACT,1,0
349,RDA,1,0
385,ACT,1,0
400,RDA,1,0
436,ACT,1,0
451,RDA,1,0
487,ACT,1,0
502,RDA,1,0
538,ACT,1,0
553,RDA,1,0
589,ACT,1,0
604,RDA,1,0
640,ACT,1,0
655,RDA,1,0
691,ACT,1,0
706,RDA,1,0
742,ACT,1,0
757,RDA,1,0
793,ACT,1,0
808,RDA,1,0
809,ACT,0,0
824,RDA,0,0
825,ACT,0,2
840,RDA,0,2
860,ACT,0,0
875,RDA,0,0
911,ACT,0,0
926,RDA,0,0
927,ACT,0,1
942,RDA,0,1
978,ACT,0,1
993,RDA,0,1
1029,ACT,0,1
1044,RDA,0,1
1080,ACT,0,1
1095,RDA,0,1
1096,ACT,0,2
1111,RDA,0,2
1131,ACT,0,1
1146,RDA,0,1
1182,ACT,0,1
1197,RDA,0,1
1198,ACT,0,0
1213,RDA,0,0
1249,ACT,0,0
1264,RDA,0,0
1265,ACT,0,1
1280,RDA,0,1
1281,ACT,0,3
1296,RDA,0,3
1300,ACT,0,0
1315,RDA,0,0
1351,ACT,0,0
1366,RDA,0,0
1402,ACT,0,0
1417,RDA,0,0
1453,ACT,0,0
1468,RDA,0,0
1469,ACT,0,1
1484,RDA,0,1
1504,ACT,0,0
1519,RDA,0,0
1555,ACT,0,0
1570,RDA,0,0
1606,ACT,0,0
1621,RDA,0,0
1657,ACT,0,0
1672,RDA,0,0
1673,ACT,1,1
1688,RDA,1,1
1724,ACT,1,1
1739,RDA,1,1
1740,ACT,0,3
1755,RDA,0,3
1775,ACT,1,1
1790,RDA,1,1
1826,ACT,1,1
1841,RDA,1,1
1842,ACT,0,3
1857,RDA,0,3
1877,ACT,1,1
1892,RDA,1,1
1893,ACT,0,1
1908,RDA,0,1
1944,ACT,0,1
1959,RDA,0,1
1995,ACT,0,1
2010,RDA,0,1
2011,ACT,0,2
2026,RDA,0,2
2027,ACT,1,1
2042,RDA,1,1
2078,ACT,1,1
2093,RDA,1,1
2129,ACT,1,1
2144,RDA,1,1
2180,ACT,1,1
2195,RDA,1,1
2196,ACT,0,1
2211,RDA,0,1
2212,ACT,0,2
2227,RDA,0,2
2247,ACT,0,1
2262,RDA,0,1
2298,ACT,0,1
2313,RDA,0,1
2349,ACT,0,1
2364,RDA,0,1
2400,ACT,0,1
2415,RDA,0,1
2451,ACT,0,1
2466,RDA,0,1
2502,ACT,0,1
2517,RDA,0,1
2553,ACT,0,1
2568,RDA,0,1
2569,ACT,1,2
2584,RDA,1,2
2585,ACT,0,2
2600,RDA,0,2
2620,ACT,1,2
2635,RDA,1,2
2671,ACT,1,2
2686,RDA,1,2
2687,ACT,0,2
2702,RDA,0,2
2703,ACT,1,1
2718,RDA,1,1
2754,ACT,1,1
2769,RDA,1,1
2770,ACT,0,2
2785,RDA,0,2
2821,ACT,0,2
2836,RDA,0,2
2837,ACT,0,3
2852,RDA,0,3
2853,ACT,1,3
2868,RDA,1,3
2904,ACT,1,3
2919,RDA,1,3
2920,ACT,0,2
2935,RDA,0,2
2936,ACT,0,1
2951,RDA,0,1
2987,ACT,0,1
3002,RDA,0,1
3003,ACT,1,3
3018,RDA,1,3
3019,ACT,0,2
3034,RDA,0,2
3035,ACT,1,1
3050,RDA,1,1
3086,ACT,1,1
3101,RDA,1,1
3137,ACT,1,1
3152,RDA,1,1
3188,REF,0,0
3292,ACT,0,1
3307,RDA,0,1
3343,ACT,0,1
3358,RDA,0,1
3359,ACT,0,3
3374,RDA,0,3
3394,ACT,0,1
3409,RDA,0,1
3410,ACT,0,3
3425,RDA,0,3
3461,ACT,0,3
3476,RDA,0,3
3512,ACT,0,3
3527,RDA,0,3
3563,ACT,0,3
3578,RDA,0,3
3614,ACT,0,3
3629,RDA,0,3
3665,ACT,0,3
3680,RDA,0,3
3716,ACT,0,3
3731,RDA,0,3
3767,ACT,0,3
3782,RDA,0,3
3818,ACT,0,3
3833,RDA,0,3
3869,ACT,0,3
3884,RDA,0,3
3920,ACT,0,3
3935,RDA,0,3
3971,ACT,0,3
3986,RDA,0,3
4022,ACT,0,3
4037,RDA,0,3
4073,ACT,0,3
4088,RDA,0,3
4124,ACT,0,3
4139,RDA,0,3
4175,ACT,0,3
4190,RDA,0,3
4226,ACT,0,3
4241,RDA,0,3
4277,ACT,0,3
4292,RDA,0,3
4328,ACT,0,3
4343,RDA,0,3
4379,ACT,0,3
4394,RDA,0,3
4430,ACT,0,3
4445,RDA,0,3
4481,ACT,0,3
4496,RDA,0,3
4532,ACT,0,3
4547,RDA,0,3
4583,ACT,0,3
4598,RDA,0,3
4634,ACT,0,3
4649,RDA,0,3
4685,ACT,0,3
4700,RDA,0,3
4736,ACT,0,3
4751,RDA,0,3
4787,ACT,0,3
4802,RDA,0,3
4838,ACT,0,3
4853,RDA,0,3
4889,ACT,0,3
4904,RDA,0,3
4940,ACT,0,3
4955,RDA,0,3
4991,ACT,0,3
5006,RDA,0,3
5042,ACT,0,3
5057,RDA,0,3
5093,ACT,0,3
5108,RDA,0,3
5144,ACT,0,3
5159,RDA,0,3
5195,ACT,0,3
5210,RDA,0,3
5246,ACT,0,3
5261,RDA,0,3
5297,ACT,0,3
5312,RDA,0,3
5348,ACT,0,3
5363,RDA,0,3
5399,ACT,0,3
5414,RDA,0,3
5450,ACT,0,3
5465,RDA,0,3
5501,ACT,0,3
5516,RDA,0,3
5552,ACT,0,3
5567,RDA,0,3
5603,ACT,0,3
5618,RDA,0,3
5654,ACT,0,3
5669,RDA,0,3
5705,ACT,0,3
5720,RDA,0,3
5756,ACT,0,3
5771,RDA,0,3
5807,ACT,0,3
5822,RDA,0,3
5858,ACT,0,3
5873,RDA,0,3
5909,ACT,0,3
5924,RDA,0,3
5960,ACT,0,3
5975,RDA,0,3
6011,ACT,0,3
6026,RDA,0,3
6062,ACT,0,3
6077,RDA,0,3
6113,ACT,0,3
6128,RDA,0,3
6164,ACT,0,3
6179,RDA,0,3
6215,ACT,0,3
6230,RDA,0,3
6266,ACT,0,3
6281,RDA,0,3
6317,REF,0,0
6421,ACT,0,3
6436,RDA,0,3
6472,ACT,0,3
6487,RDA,0,3
6523,ACT,0,3
6538,RDA,0,3
6574,ACT,0,3
6589,RDA,0,3
6625,ACT,0,3
6640,RDA,0,3
6676,ACT,0,3
6691,RDA,0,3
6692,ACT,1,0
6707,RDA,1,0
6743,ACT,1,0
6758,RDA,1,0
6794,ACT,1,0
6809,RDA,1,0
6845,ACT,1,0
6860,RDA,1,0
6896,ACT,1,0
6911,RDA,1,0
6947,ACT,1,0
6962,RDA,1,0
6998,ACT,1,0
7013,RDA,1,0
7049,ACT,1,0
7064,RDA,1,0
7100,ACT,1,0
7115,RDA,1,0
7151,ACT,1,0
7166,RDA,1,0
7202,ACT,1,0
7217,RDA,1,0
7253,ACT,1,0
7268,RDA,1,0
7304,ACT,1,0
7319,RDA,1,0
7355,ACT,1,0
7370,RDA,1,0
7406,ACT,1,0
7421,RDA,1,0
7457,ACT,1,0
7472,RDA,1,0
7508,ACT,1,0
7523,RDA,1,0
7559,ACT,1,0
7574,RDA,1,0
7610,ACT,1,0
7625,RDA,1,0
7661,ACT,1,0
7676,RDA,1,0
7712,ACT,1,0
7727,RDA,1,0
7763,ACT,1,0
7778,RDA,1,0
7814,ACT,1,0
7829,RDA,1,0
7865,ACT,1,0
7880,RDA,1,0
7916,ACT,1,0
7931,RDA,1,0
7967,ACT,1,0
7982,RDA,1,0
8018,ACT,1,0
8033,RDA,1,0
8069,ACT,1,0
8084,RDA,1,0
8120,ACT,1,0
8135,RDA,1,0
8171,ACT,1,0
8186,RDA,1,0
8222,ACT,1,0
8237,RDA,1,0
8273,ACT,1,0
8288,RDA,1,0
8324,ACT,1,0
8339,RDA,1,0
8375,ACT,1,0
8390,RDA,1,0
8426,ACT,1,0
8441,RDA,1,0
8477,ACT,1,0
8492,RDA,1,0
8528,ACT,1,0
8543,RDA,1,0
8579,ACT,1,0
8594,RDA,1,0
8630,ACT,1,0
8645,RDA,1,0
8681,ACT,1,0
8696,RDA,1,0
8732,ACT,1,0
8747,RDA,1,0
8783,ACT,1,0
8798,RDA,1,0
8834,ACT,1,0
8849,RDA,1,0
8885,ACT,1,0
8900,RDA,1,0
8936,ACT,1,0
8951,RDA,1,0
8987,ACT,1,0
9002,RDA,1,0
9038,ACT,1,0
9053,RDA,1,0
9089,ACT,1,0
9104,RDA,1,0
9140,ACT,1,0
9155,RDA,1,0
9191,ACT,1,0
9206,RDA,1,0
9242,ACT,1,0
9257,RDA,1,0
9293,ACT,1,0
9308,RDA,1,0
9344,ACT,1,0
9359,RDA,1,0
9395,REF,0,0
9499,ACT,1,0
9514,RDA,1,0
9550,ACT,1,0
9565,RDA,1,0
9601,ACT,1,0
9616,RDA,1,0
9652,ACT,1,0
9667,RDA,1,0
9703,ACT,1,0
9718,RDA,1,0
9754,ACT,1,0
9769,RDA,1,0
9805,ACT,1,0
9820,RDA,1,0
9856,ACT,1,0
9871,RDA,1,0
9907,ACT,1,0
9922,RDA,1,0
9958,ACT,1,0
9973,RDA,1,0
10009,ACT,1,0
10024,RDA,1,0
10060,ACT,1,0
10075,RDA,1,0
10111,ACT,1,0
10126,RDA,1,0
10162,ACT,1,0
10177,RDA,1,0
10213,ACT,1,0
10228,RDA,1,0
10264,ACT,1,0
10279,RDA,1,0
10315,ACT,1,0
10330,RDA,1,0
10366,ACT,1,0
10381,RDA,1,0
10417,ACT,1,0
10432,RDA,1,0
10468,ACT,1,0
10483,RDA,1,0
10519,ACT,1,0
10534,RDA,1,0
10570,ACT,1,0
10585,RDA,1,0
10621,ACT,1,0
10636,RDA,1,0
10672,ACT,1,0
10687,RDA,1,0
10723,ACT,1,0
10738,RDA,1,0
10774,ACT,1,0
10789,RDA,1,0
10825,ACT,1,0
10840,RDA,1,0
10876,ACT,1,0
10891,RDA,1,0
10927,ACT,1,0
10942,RDA,1,0
10978,ACT,1,0
10993,RDA,1,0
11029,ACT,1,0
11044,RDA,1,0
11080,ACT,1,0
11095,RDA,1,0
11131,ACT,1,0
11146,RDA,1,0
11182,ACT,1,0
11197,RDA,1,0
11233,ACT,1,0
11248,RDA,1,0
11284,ACT,1,0
11299,RDA,1,0
11335,ACT,1,0
11350,RDA,1,0
11386,ACT,1,0
11401,RDA,1,0
11437,ACT,1,0
11452,RDA,1,0
11488,ACT,1,0
11503,RDA,1,0
11539,ACT,1,0
11554,RDA,1,0
11590,ACT,1,0
11605,RDA,1,0
11641,ACT,1,0
11656,RDA,1,0
11692,ACT,1,0
11707,RDA,1,0
11743,ACT,1,0
11758,RDA,1,0
11794,ACT,1,0
11809,RDA,1,0
11845,ACT,1,0
11860,RDA,1,0
11896,ACT,1,0
11911,RDA,1,0
11947,ACT,1,0
11962,RDA,1,0
11998,ACT,1,0
12013,RDA,1,0
12049,ACT,1,0
12064,RDA,1,0
12100,ACT,1,0
12115,RDA,1,0
12151,ACT,1,0
12166,RDA,1,0
12202,ACT,1,0
12217,RDA,1,0
12253,ACT,1,0
12268,RDA,1,0
12304,ACT,1,0
12319,RDA,1,0
12355,ACT,1,0
12370,RDA,1,0
12406,ACT,1,0
12421,RDA,1,0
12457,ACT,1,0
12472,RDA,1,0
12508,ACT,1,0
12523,RDA,1,0
12559,REF,0,0
12663,ACT,1,0
12678,RDA,1,0
12714,ACT,1,0
12729,RDA,1,0
12765,ACT,1,0
12780,RDA,1,0
12816,ACT,1,0
12831,RDA,1,0
12867,ACT,1,0
12882,RDA,1,0
12918,ACT,1,0
12933,RDA,1,0
12969,ACT,1,0
12984,RDA,1,0
13020,ACT,1,0
13035,RDA,1,0
13071,ACT,1,0
13086,RDA,1,0
13122,ACT,1,0
13137,RDA,1,0
13173,ACT,1,0
13188,RDA,1,0
13224,ACT,1,0
13239,RDA,1,0
13275,ACT,1,0
13290,RDA,1,0
13326,ACT,1,0
13341,RDA,1,0
13377,ACT,1,0
13392,RDA,1,0
13393,ACT,1,1
13408,RDA,1,1
13409,ACT,1,2
13424,RDA,1,2
13460,ACT,1,2
13475,RDA,1,2
13511,ACT,1,2
13526,RDA,1,2
13562,ACT,1,2
13577,RDA,1,2
13578,ACT,0,3
13593,RDA,0,3
13613,ACT,1,2
13628,RDA,1,2
13664,ACT,1,2
13679,RDA,1,2
13715,ACT,1,2
13730,RDA,1,2
13766,ACT,1,2
13781,RDA,1,2
13817,ACT,1,2
13832,RDA,1,2
13868,ACT,1,2
13883,RDA,1,2
13919,ACT,1,2
13934,RDA,1,2
13935,ACT,0,3
13950,RDA,0,3
13970,ACT,1,2
13985,RDA,1,2
14021,ACT,1,2
14036,RDA,1,2
14072,ACT,1,2
14087,RDA,1,2
14123,ACT,1,2
14138,RDA,1,2
14174,ACT,1,2
14189,RDA,1,2
14225,ACT,1,2
14240,RDA,1,2
14276,ACT,1,2
14291,RDA,1,2
14327,ACT,1,2
14342,RDA,1,2
14378,ACT,1,2
14393,RDA,1,2
14429,ACT,1,2
14444,RDA,1,2
14480,ACT,1,2
14495,RDA,1,2
14531,ACT,1,2
14546,RDA,1,2
14582,ACT,1,2
14597,RDA,1,2
14598,ACT,1,1
14613,RDA,1,1
14633,ACT,1,2
14648,RDA,1,2
14649,ACT,1,1
14664,RDA,1,1
14700,ACT,1,1
14715,RDA,1,1
14751,ACT,1,1
14766,RDA,1,1
14802,ACT,1,1
14817,RDA,1,1
14853,ACT,1,1
14868,RDA,1,1
14904,ACT,1,1
14919,RDA,1,1
14955,ACT,1,1
14970,RDA,1,1
15006,ACT,1,1
15021,RDA,1,1
15057,ACT,1,1
15072,RDA,1,1
15108,ACT,1,1
15123,RDA,1,1
15159,ACT,1,1
15174,RDA,1,1
15210,ACT,1,1
15225,RDA,1,1
15261,ACT,1,1
15276,RDA,1,1
15312,ACT,1,1
15327,RDA,1,1
15363,ACT,1,1
15378,RDA,1,1
15414,ACT,1,1
15429,RDA,1,1
15465,ACT,1,1
15480,RDA,1,1
15516,ACT,1,1
15531,RDA,1,1
15567,ACT,1,1
15582,RDA,1,1
15618,ACT,1,1
15633,RDA,1,1
15669,REF,0,0
15773,ACT,1,1
15788,RDA,1,1
15824,ACT,1,1
15839,RDA,1,1
15875,ACT,1,1
15890,RDA,1,1
15926,ACT,1,1
15941,RDA,1,1
15977,ACT,1,1
15992,RDA,1,1
16028,ACT,1,1
16043,RDA,1,1
16079,ACT,1,1
16094,RDA,1,1
16130,ACT,1,1
16145,RDA,1,1
16181,ACT,1,1
16196,RDA,1,1
16232,ACT,1,1
16247,RDA,1,1
16248,ACT,1,2
16263,RDA,1,2
16299,ACT,1,2
16314,RDA,1,2
16350,ACT,1,2
16365,RDA,1,2
16366,ACT,1,1
16381,RDA,1,1
16382,ACT,1,3
16397,RDA,1,3
16433,ACT,1,3
16448,RDA,1,3
16449,ACT,1,1
16464,RDA,1,1
16484,ACT,1,3
16499,RDA,1,3
16500,ACT,0,1
16515,RDA,0,1
16516,ACT,1,1
16531,RDA,1,1
16532,ACT,0,2
16547,RDA,0,2
16583,ACT,0,2
16598,RDA,0,2
16634,ACT,0,2
16649,RDA,0,2
16685,ACT,0,2
16700,RDA,0,2
16701,ACT,1,3
16716,RDA,1,3
16752,ACT,1,3
16767,RDA,1,3
16768,ACT,0,2
16783,RDA,0,2
16784,ACT,1,1
16799,RDA,1,1
16835,ACT,1,1
16850,RDA,1,1
16851,ACT,0,0
16866,RDA,0,0
16902,ACT,0,0
16917,RDA,0,0
16918,ACT,1,3
16933,RDA,1,3
16969,ACT,1,3
16984,RDA,1,3
17020,ACT,1,3
17035,RDA,1,3
17071,ACT,1,3
17086,RDA,1,3
17122,ACT,1,3
17137,RDA,1,3
17173,ACT,1,3
17188,RDA,1,3
17224,ACT,1,3
17239,RDA,1,3
17275,ACT,1,3
17290,RDA,1,3
17326,ACT,1,3
17341,RDA,1,3
17377,ACT,1,3
17392,RDA,1,3
17428,ACT,1,3
17443,RDA,1,3
17479,ACT,1,3
17494,RDA,1,3
17530,ACT,1,3
17545,RDA,1,3
17581,ACT,1,3
17596,RDA,1,3
17632,ACT,1,3
17647,RDA,1,3
17648,ACT,0,0
17663,RDA,0,0
17683,ACT,1,3
17698,RDA,1,3
17699,ACT,0,2
17714,RDA,0,2
17750,ACT,0,2
17765,RDA,0,2
17801,ACT,0,2
17816,RDA,0,2
17817,ACT,1,3
17832,RDA,1,3
17852,ACT,0,2
17867,RDA,0,2
17903,ACT,0,2
17918,RDA,0,2
17954,ACT,0,2
17969,RDA,0,2
17970,ACT,1,3
17985,RDA,1,3
18021,ACT,1,3
18036,RDA,1,3
18072,ACT,1,3
18087,RDA,1,3
18123,ACT,1,3
18138,RDA,1,3
18174,ACT,1,3
18189,RDA,1,3
18225,ACT,1,3
18240,RDA,1,3
18276,ACT,1,3
18291,RDA,1,3
18327,ACT,1,3
18342,RDA,1,3
18378,ACT,1,3
18393,RDA,1,3
18429,ACT,1,3
18444,RDA,1,3
18480,ACT,1,3
18495,RDA,1,3
18496,ACT,1,2
18511,RDA,1,2
18547,ACT,1,2
18562,RDA,1,2
18598,ACT,1,2
18613,RDA,1,2
18649,ACT,1,2
18664,RDA,1,2
18700,ACT,1,2
18715,RDA,1,2
18751,ACT,1,2
18766,RDA,1,2
18802,REF,0,0
18906,ACT,1,2
18921,RDA,1,2
18957,ACT,1,2
18972,RDA,1,2
19008,ACT,1,2
19023,RDA,1,2
19059,ACT,1,2
19074,RDA,1,2
19110,ACT,1,2
19125,RDA,1,2
19161,ACT,1,2
19176,RDA,1,2
19212,ACT,1,2
19227,RDA,1,2
19228,ACT,0,2
19243,RDA,0,2
19279,ACT,0,2
19294,RDA,0,2
19295,ACT,1,3
19310,RDA,1,3
19346,ACT,1,3
19361,RDA,1,3
19362,ACT,0,2
19377,RDA,0,2
19378,ACT,1,2
19393,RDA,1,2
19429,ACT,1,2
19444,RDA,1,2
19480,ACT,1,2
19495,RDA,1,2
19531,ACT,1,2
19546,RDA,1,2
19582,ACT,1,2
19597,RDA,1,2
19598,ACT,0,1
19613,RDA,0,1
19614,ACT,1,3
19629,RDA,1,3
19665,ACT,1,3
19680,RDA,1,3
19681,ACT,1,2
19696,RDA,1,2
19732,ACT,1,2
19747,RDA,1,2
19783,ACT,1,2
19798,RDA,1,2
19834,ACT,1,2
19849,RDA,1,2
19885,ACT,1,2
19900,RDA,1,2
19901,ACT,1,1
19916,RDA,1,1
19936,ACT,1,2
19951,RDA,1,2
19987,ACT,1,2
20002,RDA,1,2
20003,ACT,1,3
20018,RDA,1,3
20054,ACT,1,3
20069,RDA,1,3
20070,ACT,0,2
20085,RDA,0,2
20105,ACT,1,3
20120,RDA,1,3
20156,ACT,1,3
20171,RDA,1,3
20207,ACT,1,3
20222,RDA,1,3
20258,ACT,1,3
20273,RDA,1,3
20274,ACT,0,2
20289,RDA,0,2
20325,ACT,0,2
20340,RDA,0,2
20376,ACT,0,2
20391,RDA,0,2
20392,ACT,1,3
20407,RDA,1,3
20443,ACT,1,3
20458,RDA,1,3
20494,ACT,1,3
20509,RDA,1,3
20545,ACT,1,3
20560,RDA,1,3
20561,ACT,0,3
20576,RDA,0,3
20577,ACT,1,1
20592,RDA,1,1
20593,ACT,0,0
20608,RDA,0,0
20609,ACT,1,3
20624,RDA,1,3
20625,ACT,0,2
20640,RDA,0,2
20676,ACT,0,2
20691,RDA,0,2
20727,ACT,0,2
20742,RDA,0,2
20743,ACT,1,3
20758,RDA,1,3
20794,ACT,1,3
20809,RDA,1,3
20845,ACT,1,3
20860,RDA,1,3
20896,ACT,1,3
20911,RDA,1,3
20947,ACT,1,3
20962,RDA,1,3
20963,ACT,0,2
20978,RDA,0,2
21014,ACT,0,2
21029,RDA,0,2
21065,ACT,0,2
21080,RDA,0,2
21116,ACT,0,2
21131,RDA,0,2
21167,ACT,0,2
21182,RDA,0,2
21183,ACT,0,3
21198,RDA,0,3
21218,ACT,0,2
21233,RDA,0,2
21269,ACT,0,2
21284,RDA,0,2
21320,ACT,0,2
21335,RDA,0,2
21371,ACT,0,2
21386,RDA,0,2
21387,ACT,0,1
21402,RDA,0,1
21403,ACT,1,3
21418,RDA,1,3
21419,ACT,1,0
21434,RDA,1,0
21470,ACT,1,0
21485,RDA,1,0
21486,ACT,0,3
21501,RDA,0,3
21521,ACT,1,0
21536,RDA,1,0
21537,ACT,0,3
21552,RDA,0,3
21572,ACT,1,0
21587,RDA,1,0
21588,ACT,0,2
21603,RDA,0,2
21623,ACT,1,0
21638,RDA,1,0
21639,ACT,0,2
21654,RDA,0,2
21690,ACT,0,2
21705,RDA,0,2
21741,ACT,0,2
21756,RDA,0,2
21792,ACT,0,2
21807,RDA,0,2
21843,ACT,0,2
21858,RDA,0,2
21894,REF,0,0
21998,ACT,0,2
22013,RDA,0,2
22049,ACT,0,2
22064,RDA,0,2
22100,ACT,0,2
22115,RDA,0,2
22151,ACT,0,2
22166,RDA,0,2
22167,ACT,0,3
22182,RDA,0,3
22183,ACT,0,1
22198,RDA,0,1
22202,ACT,0,2
22217,RDA,0,2
22253,ACT,0,2
22268,RDA,0,2
22304,ACT,0,2
22319,RDA,0,2
22355,ACT,0,2
22370,RDA,0,2
22406,ACT,0,2
22421,RDA,0,2
22457,ACT,0,2
22472,RDA,0,2
22508,ACT,0,2
22523,RDA,0,2
22559,ACT,0,2
22574,RDA,0,2
22610,ACT,0,2
22625,RDA,0,2
22626,ACT,0,1
22641,RDA,0,1
22661,ACT,0,2
22676,RDA,0,2
22677,ACT,0,0
22692,RDA,0,0
22693,ACT,0,3
22708,RDA,0,3
22744,ACT,0,3
22759,RDA,0,3
22795,ACT,0,3
22810,RDA,0,3
22846,ACT,0,3
22861,RDA,0,3
22897,ACT,0,3
22912,RDA,0,3
22948,ACT,0,3
22963,RDA,0,3
22999,ACT,0,3
23014,RDA,0,3
23015,ACT,0,2
23030,RDA,0,2
23050,ACT,0,3
23065,RDA,0,3
23101,ACT,0,3
23116,RDA,0,3
23152,ACT,0,3
23167,RDA,0,3
23203,ACT,0,3
23218,RDA,0,3
23254,ACT,0,3
23269,RDA,0,3
23270,ACT,1,3
23285,RDA,1,3
23321,ACT,1,3
23336,RDA,1,3
23372,ACT,1,3
23387,RDA,1,3
23423,ACT,1,3
23438,RDA,1,3
23474,ACT,1,3
23489,RDA,1,3
23490,ACT,0,0
23505,RDA,0,0
23541,ACT,0,0
23556,RDA,0,0
23592,ACT,0,0
23607,RDA,0,0
23608,ACT,0,3
23623,RDA,0,3
23659,ACT,0,3
23674,RDA,0,3
23710,ACT,0,3
23725,RDA,0,3
23726,ACT,1,1
23741,RDA,1,1
23742,ACT,0,0
23757,RDA,0,0
23758,ACT,0,2
23773,RDA,0,2
23777,ACT,1,1
23792,RDA,1,1
23793,ACT,0,0
23808,RDA,0,0
23809,ACT,0,2
23824,RDA,0,2
23844,ACT,0,0
23859,RDA,0,0
23860,ACT,1,1
23875,RDA,1,1
23876,ACT,0,2
23891,RDA,0,2
23895,ACT,0,0
23910,RDA,0,0
23911,ACT,1,1
23926,RDA,1,1
23927,ACT,0,2
23942,RDA,0,2
23946,ACT,0,0
23961,RDA,0,0
23962,ACT,1,1
23977,RDA,1,1
23997,ACT,0,0
24012,RDA,0,0
24013,ACT,0,3
24028,RDA,0,3
24064,ACT,0,3
24079,RDA,0,3
24115,ACT,0,3
24130,RDA,0,3
24166,ACT,0,3
24181,RDA,0,3
24217,ACT,0,3
24232,RDA,0,3
24268,ACT,0,3
24283,RDA,0,3
24319,ACT,0,3
24334,RDA,0,3
24335,ACT,0,1
24350,RDA,0,1
24370,ACT,0,3
24385,RDA,0,3
24421,ACT,0,3
24436,RDA,0,3
24472,ACT,0,3
24487,RDA,0,3
24523,ACT,0,3
24538,RDA,0,3
24574,ACT,0,3
24589,RDA,0,3
24625,ACT,0,3
24640,RDA,0,3
24676,ACT,0,3
24691,RDA,0,3
24727,ACT,0,3
24742,RDA,0,3
24743,ACT,1,3
24758,RDA,1,3
24794,ACT,1,3
24809,RDA,1,3
24845,ACT,1,3
24860,RDA,1,3
24896,ACT,1,3
24911,RDA,1,3
24947,ACT,1,3
24962,RDA,1,3
24998,REF,0,0
25102,ACT,1,3
25117,RDA,1,3
25153,ACT,1,3
25168,RDA,1,3
25204,ACT,1,3
25219,RDA,1,3
25255,ACT,1,3
25270,RDA,1,3
25306,ACT,1,3
25321,RDA,1,3
25357,ACT,1,3
25372,RDA,1,3
25408,ACT,1,3
25423,RDA,1,3
25459,ACT,1,3
25474,RDA,1,3
25510,ACT,1,3
25525,RDA,1,3
25561,ACT,1,3
25576,RDA,1,3
25577,ACT,0,3
25592,RDA,0,3
25628,ACT,0,3
25643,RDA,0,3
25679,ACT,0,3
25694,RDA,0,3
25730,ACT,0,3
25745,RDA,0,3
25781,ACT,0,3
25796,RDA,0,3
25832,ACT,0,3
25847,RDA,0,3
25883,ACT,0,3
25898,RDA,0,3
25934,ACT,0,3
25949,RDA,0,3
25985,ACT,0,3
26000,RDA,0,3
26001,ACT,0,2
26016,RDA,0,2
26017,ACT,0,0
26032,RDA,0,0
26036,ACT,0,3
26051,RDA,0,3
26087,ACT,0,3
26102,RDA,0,3
26103,ACT,0,2
26118,RDA,0,2
26119,ACT,0,0
26134,RDA,0,0
26135,ACT,1,1
26150,RDA,1,1
26170,ACT,0,0
26185,RDA,0,0
26186,ACT,1,1
26201,RDA,1,1
26221,ACT,0,0
26236,RDA,0,0
26272,ACT,0,0
26287,RDA,0,0
26288,ACT,0,1
26303,RDA,0,1
26304,ACT,0,2
26319,RDA,0,2
26355,ACT,0,2
26370,RDA,0,2
26406,ACT,0,2
26421,RDA,0,2
26422,ACT,0,0
26437,RDA,0,0
26473,ACT,0,0
26488,RDA,0,0
26489,ACT,1,1
26504,RDA,1,1
26505,ACT,0,2
26520,RDA,0,2
26524,ACT,0,0
26539,RDA,0,0
26575,ACT,0,0
26590,RDA,0,0
26591,ACT,1,1
26606,RDA,1,1
26607,ACT,0,2
26622,RDA,0,2
26626,ACT,0,0
26641,RDA,0,0
26642,ACT,1,1
26657,RDA,1,1
26677,ACT,0,0
26692,RDA,0,0
26728,ACT,0,0
26743,RDA,0,0
26744,ACT,1,1
26759,RDA,1,1
26779,ACT,0,0
26794,RDA,0,0
26795,ACT,1,1
26810,RDA,1,1
26846,ACT,1,1
26861,RDA,1,1
26862,ACT,0,0
26877,RDA,0,0
26878,ACT,0,2
26893,RDA,0,2
26913,ACT,0,0
26928,RDA,0,0
26929,ACT,0,2
26944,RDA,0,2
26945,ACT,0,3
26960,RDA,0,3
26996,ACT,0,3
27011,RDA,0,3
27047,ACT,0,3
27062,RDA,0,3
27098,ACT,0,3
27113,RDA,0,3
27149,ACT,0,3
27164,RDA,0,3
27200,ACT,0,3
27215,RDA,0,3
27251,ACT,0,3
27266,RDA,0,3
27302,ACT,0,3
27317,RDA,0,3
27353,ACT,0,3
27368,RDA,0,3
27404,ACT,0,3
27419,RDA,0,3
27455,ACT,0,3
27470,RDA,0,3
27471,ACT,1,3
27486,RDA,1,3
27522,ACT,1,3
27537,RDA,1,3
27573,ACT,1,3
27588,RDA,1,3
27589,ACT,0,3
27604,RDA,0,3
27624,ACT,1,3
27639,RDA,1,3
27675,ACT,1,3
27690,RDA,1,3
27726,ACT,1,3
27741,RDA,1,3
27777,ACT,1,3
27792,RDA,1,3
27828,ACT,1,3
27843,RDA,1,3
27879,ACT,1,3
27894,RDA,1,3
27930,ACT,1,3
27945,RDA,1,3
27981,ACT,1,3
27996,RDA,1,3
28032,ACT,1,3
28047,RDA,1,3
28083,ACT,1,3
28098,RDA,1,3
28134,REF,0,0
28238,ACT,0,1
28253,RDA,0,1
28254,ACT,1,3
28269,RDA,1,3
28305,ACT,1,3
28320,RDA,1,3
28356,ACT,1,3
28371,RDA,1,3
28372,ACT,0,1
28387,RDA,0,1
28423,ACT,0,1
28438,RDA,0,1
28474,ACT,0,1
28489,RDA,0,1
28525,ACT,0,1
28540,RDA,0,1
28541,ACT,0,2
28556,RDA,0,2
28576,ACT,0,1
28591,RDA,0,1
28627,ACT,0,1
28642,RDA,0,1
28643,ACT,1,3
28658,RDA,1,3
28694,ACT,1,3
28709,RDA,1,3
28745,ACT,1,3
28760,RDA,1,3
28761,ACT,0,1
28776,RDA,0,1
28777,ACT,0,3
28792,RDA,0,3
28828,ACT,0,3
28843,RDA,0,3
28879,ACT,0,3
28894,RDA,0,3
28930,ACT,0,3
28945,RDA,0,3
28981,ACT,0,3
28996,RDA,0,3
29032,ACT,0,3
29047,RDA,0,3
29083,ACT,0,3
29098,RDA,0,3
29134,ACT,0,3
29149,RDA,0,3
29150,ACT,0,1
29165,RDA,0,1
29201,ACT,0,1
29216,RDA,0,1
29217,ACT,1,3
29232,RDA,1,3
29268,ACT,1,3
29283,RDA,1,3
29319,ACT,1,3
29334,RDA,1,3
29335,ACT,0,3
29350,RDA,0,3
29386,ACT,0,3
29401,RDA,0,3
29437,ACT,0,3
29452,RDA,0,3
29453,ACT,0,0
29468,RDA,0,0
29969,ACT,1,1
29984,RDA,1,1
30117,ACT,0,0
30132,RDA,0,0
30569,ACT,1,1
30584,RDA,1,1
31152,ACT,0,0
31167,RDA,0,0
31203,REF,0,0
31307,ACT,0,0
31322,RDA,0,0
31518,ACT,1,1
31533,RDA,1,1
31930,ACT,1,1
31945,RDA,1,1
32209,ACT,0,0
32224,RDA,0,0
32659,ACT,1,1
32674,RDA,1,1
33183,ACT,0,0
33198,RDA,0,0
33278,ACT,0,0
33293,RDA,0,0
33818,ACT,1,1
33833,RDA,1,1
33936,ACT,0,0
33951,RDA,0,0
34184,ACT,1,1
34199,RDA,1,1
34320,REF,0,0
34578,ACT,1,1
34593,RDA,1,1
35107,ACT,0,0
35122,RDA,0,0
35279,ACT,0,0
35294,RDA,0,0
35683,ACT,1,1
35698,RDA,1,1
36230,ACT,0,0
36245,RDA,0,0
36375,ACT,0,0
36390,RDA,0,0
36922,ACT,1,1
36937,RDA,1,1
37440,REF,0,0
37561,ACT,0,0
37576,RDA,0,0
37643,ACT,0,0
37658,RDA,0,0
37891,ACT,1,1
37906,RDA,1,1
38346,ACT,1,1
38361,RDA,1,1
38894,ACT,0,0
38909,RDA,0,0
39039,ACT,0,0
39054,RDA,0,0
39165,ACT,1,1
39180,RDA,1,1
39529,ACT,0,0
39544,RDA,0,0
39569,ACT,0,2
39584,RDA,0,2
39620,ACT,0,2
39635,RDA,0,2
39925,ACT,0,2
39940,RDA,0,2
40005,ACT,0,0
40020,RDA,0,0
40218,ACT,0,0
40233,RDA,0,0
40304,ACT,1,1
40319,RDA,1,1
40560,REF,0,0
40664,ACT,0,0
40679,RDA,0,0
41154,ACT,0,2
41169,RDA,0,2
41517,ACT,0,0
41532,RDA,0,0
41855,ACT,0,3
41870,RDA,0,3
41980,ACT,0,0
41995,RDA,0,0
42113,ACT,1,1
42128,RDA,1,1
42976,ACT,0,0
42991,RDA,0,0
43633,ACT,0,0
43648,RDA,0,0
43684,REF,0,0
43788,ACT,0,0
43803,RDA,0,0
44208,ACT,1,1
44223,RDA,1,1
44380,ACT,0,0
44395,RDA,0,0
44775,ACT,1,1
44790,RDA,1,1
45051,ACT,0,0
45066,RDA,0,0
45455,ACT,1,1
45470,RDA,1,1
46045,ACT,0,0
46060,RDA,0,0
46140,ACT,0,0
46155,RDA,0,0
46800,REF,0,0
46916,ACT,1,1
46931,RDA,1,1
47008,ACT,0,0
47023,RDA,0,0
47256,ACT,1,1
47271,RDA,1,1
47738,ACT,1,1
47753,RDA,1,1
48010,ACT,0,0
48025,RDA,0,0
48449,ACT,1,1
48464,RDA,1,1
48672,ACT,0,0
48687,RDA,0,0
49154,ACT,1,1
49169,RDA,1,1
49329,ACT,0,0
49344,RDA,0,0
49878,ACT,1,1
49893,RDA,1,1
49929,REF,0,0
50033,ACT,0,0
50048,RDA,0,0
50590,ACT,1,1
50605,RDA,1,1
50685,ACT,0,0
50700,RDA,0,0
50933,ACT,1,1
50948,RDA,1,1
51328,ACT,1,1
51343,RDA,1,1
51370,ACT,0,0
51385,RDA,0,0
51421,ACT,0,0
51436,RDA,0,0
51472,ACT,0,0
51487,RDA,0,0
51532,ACT,0,0
51547,RDA,0,0
51575,ACT,1,2
51590,RDA,1,2
51626,ACT,1,2
51641,RDA,1,2
51677,ACT,1,2
51692,RDA,1,2
51732,ACT,1,2
51747,RDA,1,2
52012,ACT,0,0
52027,RDA,0,0
52101,ACT,1,1
52116,RDA,1,1
52141,ACT,0,0
52156,RDA,0,0
52341,ACT,0,0
52356,RDA,0,0
53040,REF,0,0
53159,ACT,0,0
53174,RDA,0,0
53418,ACT,0,0
53433,RDA,0,0
54592,ACT,1,1
54607,RDA,1,1
54741,ACT,1,1
54756,RDA,1,1
55766,ACT,0,0
55781,RDA,0,0
56160,REF,0,0
56297,ACT,1,1
56312,RDA,1,1
56915,ACT,1,1
56930,RDA,1,1
57946,ACT,1,1
57961,RDA,1,1
57997,ACT,1,1
58012,RDA,1,1
58048,ACT,1,1
58063,RDA,1,1
58099,ACT,1,1
58114,RDA,1,1
58150,ACT,1,1
58165,RDA,1,1
58201,ACT,1,1
58216,RDA,1,1
58252,ACT,1,1
58267,RDA,1,1
58303,ACT,1,1
58318,RDA,1,1
58354,ACT,1,1
58369,RDA,1,1
58370,ACT,0,2
58385,RDA,0,2
58421,ACT,0,2
58436,RDA,0,2
58472,ACT,0,2
58487,RDA,0,2
58523,ACT,0,2
58538,RDA,0,2
58574,ACT,0,2
58589,RDA,0,2
58625,ACT,0,2
58640,RDA,0,2
58676,ACT,0,2
58691,RDA,0,2
58727,ACT,0,2
58742,RDA,0,2
58778,ACT,0,2
58793,RDA,0,2
58829,ACT,0,2
58844,RDA,0,2
58880,ACT,0,2
58895,RDA,0,2
58931,ACT,0,2
58946,RDA,0,2
58982,ACT,0,2
58997,RDA,0,2
59033,ACT,0,2
59048,RDA,0,2
59084,ACT,0,2
59099,RDA,0,2
59135,ACT,0,2
59150,RDA,0,2
59186,ACT,0,2
59201,RDA,0,2
59237,ACT,0,2
59252,RDA,0,2
59288,ACT,0,2
59303,RDA,0,2
59339,REF,0,0
59443,ACT,0,2
59458,RDA,0,2
59459,ACT,1,1
59474,RDA,1,1
59494,ACT,0,2
59509,RDA,0,2
59510,ACT,1,0
59525,RDA,1,0
59545,ACT,0,2
59560,RDA,0,2
59596,ACT,0,2
59611,RDA,0,2
59647,ACT,0,2
59662,RDA,0,2
59698,ACT,0,2
59713,RDA,0,2
59714,ACT,1,1
59729,RDA,1,1
59730,ACT,0,0
59745,RDA,0,0
59781,ACT,0,0
59796,RDA,0,0
59832,ACT,0,0
59847,RDA,0,0
59883,ACT,0,0
59898,RDA,0,0
59934,ACT,0,0
59949,RDA,0,0
59985,ACT,0,0
60000,RDA,0,0
60036,ACT,0,0
60051,RDA,0,0
60087,ACT,0,0
60102,RDA,0,0
60103,ACT,0,1
60118,RDA,0,1
60154,ACT,0,1
60169,RDA,0,1
60205,ACT,0,1
60220,RDA,0,1
60256,ACT,0,1
60271,RDA,0,1
60307,ACT,0,1
60322,RDA,0,1
60358,ACT,0,1
60373,RDA,0,1
60409,ACT,0,1
60424,RDA,0,1
60460,ACT,0,1
60475,RDA,0,1
60511,ACT,0,1
60526,RDA,0,1
60562,ACT,0,1
60577,RDA,0,1
60613,ACT,0,1
60628,RDA,0,1
60664,ACT,0,1
60679,RDA,0,1
60715,ACT,0,1
60730,RDA,0,1
60766,ACT,0,1
60781,RDA,0,1
60782,ACT,0,2
60797,RDA,0,2
60817,ACT,0,1
60832,RDA,0,1
60868,ACT,0,1
60883,RDA,0,1
60919,ACT,0,1
60934,RDA,0,1
60970,ACT,0,1
60985,RDA,0,1
61021,ACT,0,1
61036,RDA,0,1
61072,ACT,0,1
61087,RDA,0,1
61123,ACT,0,1
61138,RDA,0,1
61174,ACT,0,1
61189,RDA,0,1
61225,ACT,0,1
61240,RDA,0,1
61276,ACT,0,1
61291,RDA,0,1
61327,ACT,0,1
61342,RDA,0,1
61378,ACT,0,1
61393,RDA,0,1
61429,ACT,0,1
61444,RDA,0,1
61480,ACT,0,1
61495,RDA,0,1
61531,ACT,0,1
61546,RDA,0,1
61582,ACT,0,1
61597,RDA,0,1
61633,ACT,0,1
61648,RDA,0,1
61684,ACT,0,1
61699,RDA,0,1
61735,ACT,0,1
61750,RDA,0,1
61786,ACT,0,1
61801,RDA,0,1
61837,ACT,0,1
61852,RDA,0,1
61888,ACT,0,1
61903,RDA,0,1
61939,ACT,0,1
61954,RDA,0,1
61990,ACT,0,1
62005,RDA,0,1
62041,ACT,0,1
62056,RDA,0,1
62057,ACT,0,0
62072,RDA,0,0
62108,ACT,0,0
62123,RDA,0,0
62124,ACT,0,1
62139,RDA,0,1
62159,ACT,0,0
62174,RDA,0,0
62210,ACT,0,0
62225,RDA,0,0
62261,ACT,0,0
62276,RDA,0,0
62277,ACT,0,1
62292,RDA,0,1
62328,ACT,0,1
62343,RDA,0,1
62379,ACT,0,1
62394,RDA,0,1
62430,ACT,0,1
62445,RDA,0,1
62481,REF,0,0
62585,ACT,0,1
62600,RDA,0,1
62636,ACT,0,1
62651,RDA,0,1
62687,ACT,0,1
62702,RDA,0,1
62738,ACT,0,1
62753,RDA,0,1
62789,ACT,0,1
62804,RDA,0,1
62840,ACT,0,1
62855,RDA,0,1
62891,ACT,0,1
62906,RDA,0,1
62942,ACT,0,1
62957,RDA,0,1
62993,ACT,0,1
63008,RDA,0,1
63044,ACT,0,1
63059,RDA,0,1
63095,ACT,0,1
63110,RDA,0,1
63146,ACT,0,1
63161,RDA,0,1
63197,ACT,0,1
63212,RDA,0,1
63248,ACT,0,1
63263,RDA,0,1
63299,ACT,0,1
63314,RDA,0,1
63350,ACT,0,1
63365,RDA,0,1
63366,ACT,1,2
63381,RDA,1,2
63401,ACT,0,1
63416,RDA,0,1
63452,ACT,0,1
63467,RDA,0,1
63503,ACT,0,1
63518,RDA,0,1
63554,ACT,0,1
63569,RDA,0,1
63605,ACT,0,1
63620,RDA,0,1
63656,ACT,0,1
63671,RDA,0,1
63707,ACT,0,1
63722,RDA,0,1
63758,ACT,0,1
63773,RDA,0,1
63809,ACT,0,1
63824,RDA,0,1
63860,ACT,0,1
63875,RDA,0,1
63911,ACT,0,1
63926,RDA,0,1
63962,ACT,0,1
63977,RDA,0,1
64013,ACT,0,1
64028,RDA,0,1
64064,ACT,0,1
64079,RDA,0,1
64115,ACT,0,1
64130,RDA,0,1
64166,ACT,0,1
64181,RDA,0,1
64217,ACT,0,1
64232,RDA,0,1
64268,ACT,0,1
64283,RDA,0,1
64319,ACT,0,1
64334,RDA,0,1
64370,ACT,0,1
64385,RDA,0,1
64421,ACT,0,1
64436,RDA,0,1
64472,ACT,0,1
64487,RDA,0,1
64523,ACT,0,1
64538,RDA,0,1
64574,ACT,0,1
64589,RDA,0,1
64625,ACT,0,1
64640,RDA,0,1
64676,ACT,0,1
64691,RDA,0,1
64727,ACT,0,1
64742,RDA,0,1
64778,ACT,0,1
64793,RDA,0,1
64829,ACT,0,1
64844,RDA,0,1
64880,ACT,0,1
64895,RDA,0,1
64931,ACT,0,1
64946,RDA,0,1
64982,ACT,0,1
64997,RDA,0,1
65033,ACT,0,1
65048,RDA,0,1
65084,ACT,0,1
65099,RDA,0,1
65135,ACT,0,1
65150,RDA,0,1
65186,ACT,0,1
65201,RDA,0,1
65202,ACT,0,2
65217,RDA,0,2
65237,ACT,0,1
65252,RDA,0,1
65288,ACT,0,1
65303,RDA,0,1
65339,ACT,0,1
65354,RDA,0,1
65355,ACT,0,2
65370,RDA,0,2
65390,ACT,0,1
65405,RDA,0,1
65406,ACT,0,0
65421,RDA,0,0
65422,ACT,1,1
65437,RDA,1,1
65473,ACT,1,1
65488,RDA,1,1
65489,ACT,0,0
65504,RDA,0,0
65540,ACT,0,0
65555,RDA,0,0
65591,REF,0,0
65695,ACT,1,0
65710,RDA,1,0
65711,ACT,0,2
65726,RDA,0,2
65727,ACT,0,3
65742,RDA,0,3
65778,ACT,0,3
65793,RDA,0,3
65794,ACT,0,2
65809,RDA,0,2
65845,ACT,0,2
65860,RDA,0,2
65861,ACT,0,3
65876,RDA,0,3
65912,ACT,0,3
65927,RDA,0,3
65963,ACT,0,3
65978,RDA,0,3
65979,ACT,0,0
65994,RDA,0,0
65995,ACT,0,2
66010,RDA,0,2
66030,ACT,0,0
66045,RDA,0,0
66046,ACT,0,3
66061,RDA,0,3
66081,ACT,0,0
66096,RDA,0,0
66097,ACT,0,2
66112,RDA,0,2
66113,ACT,0,3
66128,RDA,0,3
66129,ACT,1,0
66144,RDA,1,0
66180,ACT,1,0
66195,RDA,1,0
66231,ACT,1,0
66246,RDA,1,0
66247,ACT,0,2
66262,RDA,0,2
66282,ACT,1,0
66297,RDA,1,0
66333,ACT,1,0
66348,RDA,1,0
66384,ACT,1,0
66399,RDA,1,0
66400,ACT,0,2
66415,RDA,0,2
66435,ACT,1,0
66450,RDA,1,0
66486,ACT,1,0
66501,RDA,1,0
66537,ACT,1,0
66552,RDA,1,0
66588,ACT,1,0
66603,RDA,1,0
66639,ACT,1,0
66654,RDA,1,0
66690,ACT,1,0
66705,RDA,1,0
66741,ACT,1,0
66756,RDA,1,0
66792,ACT,1,0
66807,RDA,1,0
66843,ACT,1,0
66858,RDA,1,0
66894,ACT,1,0
66909,RDA,1,0
66945,ACT,1,0
66960,RDA,1,0
66961,ACT,0,0
66976,RDA,0,0
67012,ACT,0,0
67027,RDA,0,0
67028,ACT,0,2
67043,RDA,0,2
67063,ACT,0,0
67078,RDA,0,0
67079,ACT,0,3
67094,RDA,0,3
67095,ACT,0,2
67110,RDA,0,2
67114,ACT,0,0
67129,RDA,0,0
67165,ACT,0,0
67180,RDA,0,0
67181,ACT,0,2
67196,RDA,0,2
67216,ACT,0,0
67231,RDA,0,0
67267,ACT,0,0
67282,RDA,0,0
67329,ACT,0,0
67344,RDA,0,0
67380,ACT,0,0
67395,RDA,0,0
67431,ACT,0,0
67446,RDA,0,0
67482,ACT,0,0
67497,RDA,0,0
67773,ACT,0,0
67788,RDA,0,0
68640,REF,0,0
68954,ACT,0,2
68969,RDA,0,2
70140,ACT,0,2
70155,RDA,0,2
71329,ACT,0,2
71344,RDA,0,2
71760,REF,0,0
72514,ACT,0,2
72529,RDA,0,2
72730,ACT,0,2
72745,RDA,0,2
72770,ACT,1,0
72785,RDA,1,0
72821,ACT,1,0
72836,RDA,1,0
72872,ACT,1,0
72887,RDA,1,0
73873,ACT,1,0
73888,RDA,1,0
74880,REF,0,0
75137,ACT,0,2
75152,RDA,0,2
75656,ACT,0,2
75671,RDA,0,2
75696,ACT,0,3
75711,RDA,0,3
75747,ACT,0,3
75762,RDA,0,3
75765,ACT,0,0
75780,RDA,0,0
75798,ACT,0,3
75813,RDA,0,3
75849,ACT,0,3
75864,RDA,0,3
75900,ACT,0,3
75915,RDA,0,3
75958,ACT,0,3
75973,RDA,0,3
76054,ACT,0,2
76069,RDA,0,2
76150,ACT,0,2
76165,RDA,0,2
76246,ACT,0,2
76261,RDA,0,2
76342,ACT,0,2
76357,RDA,0,2
76438,ACT,0,2
76453,RDA,0,2
76534,ACT,0,2
76549,RDA,0,2
76630,ACT,0,2
76645,RDA,0,2
76748,ACT,0,2
76763,RDA,0,2
76844,ACT,0,2
76859,RDA,0,2
76940,ACT,0,2
76955,RDA,0,2
77036,ACT,0,2
77051,RDA,0,2
77132,ACT,0,2
77147,RDA,0,2
77228,ACT,0,2
77243,RDA,0,2
77324,ACT,0,2
77339,RDA,0,2
77420,ACT,0,2
77435,RDA,0,2
77516,ACT,0,2
77531,RDA,0,2
77612,ACT,0,2
77627,RDA,0,2
77708,ACT,0,2
77723,RDA,0,2
77804,ACT,0,2
77819,RDA,0,2
77900,ACT,0,2
77915,RDA,0,2
77996,ACT,0,2
78011,RDA,0,2
78047,REF,0,0
78151,ACT,0,2
78166,RDA,0,2
78202,ACT,0,2
78217,RDA,0,2
78299,ACT,0,2
78314,RDA,0,2
78395,ACT,0,2
78410,RDA,0,2
78491,ACT,0,2
78506,RDA,0,2
78587,ACT,0,2
78602,RDA,0,2
78683,ACT,0,2
78698,RDA,0,2
78779,ACT,0,2
78794,RDA,0,2
78875,ACT,0,2
78890,RDA,0,2
78971,ACT,0,2
78986,RDA,0,2
79031,ACT,0,2
79046,RDA,0,2
79075,ACT,0,0
79090,RDA,0,0
79126,ACT,0,0
79141,RDA,0,0
79177,ACT,0,0
79192,RDA,0,0
79228,ACT,0,0
79243,RDA,0,0
79279,ACT,0,0
79294,RDA,0,0
79330,ACT,0,0
79345,RDA,0,0
79409,ACT,0,0
79424,RDA,0,0
79694,ACT,0,3
79709,RDA,0,3
79738,ACT,1,1
79753,RDA,1,1
79789,ACT,1,1
79804,RDA,1,1
79840,ACT,1,1
79855,RDA,1,1
79856,ACT,0,0
79871,RDA,0,0
79907,ACT,0,0
79922,RDA,0,0
79958,ACT,0,0
79973,RDA,0,0
79974,ACT,1,1
79989,RDA,1,1
80126,ACT,0,0
80141,RDA,0,0
80318,ACT,1,1
80333,RDA,1,1
80510,ACT,1,1
80525,RDA,1,1
80702,ACT,1,1
80717,RDA,1,1
80894,ACT,1,1
80909,RDA,1,1
81088,ACT,1,1
81103,RDA,1,1
81139,REF,0,0
81305,ACT,1,1
81320,RDA,1,1
81513,ACT,1,1
81528,RDA,1,1
81721,ACT,1,1
81736,RDA,1,1
81934,ACT,1,1
81949,RDA,1,1
82199,ACT,1,1
82214,RDA,1,1
82455,ACT,1,1
82470,RDA,1,1
82711,ACT,1,1
82726,RDA,1,1
82967,ACT,1,1
82982,RDA,1,1
83223,ACT,1,1
83238,RDA,1,1
83490,ACT,1,1
83505,RDA,1,1
83611,ACT,0,0
83626,RDA,0,0
83726,ACT,0,0
83741,RDA,0,0
83837,ACT,0,0
83852,RDA,0,0
83951,ACT,0,0
83966,RDA,0,0
84002,ACT,0,0
84017,RDA,0,0
84062,ACT,0,3
84077,RDA,0,3
84179,ACT,0,0
84194,RDA,0,0
84230,ACT,0,0
84245,RDA,0,0
84281,REF,0,0
84385,ACT,0,3
84400,RDA,0,3
84401,ACT,0,0
84416,RDA,0,0
85467,ACT,0,0
85482,RDA,0,0
85611,ACT,0,0
85626,RDA,0,0
85740,ACT,0,0
85755,RDA,0,0
85791,ACT,0,0
85806,RDA,0,0
86087,ACT,0,0
86102,RDA,0,0
86262,ACT,1,1
86277,RDA,1,1
86298,ACT,0,0
86313,RDA,0,0
86367,ACT,0,0
86382,RDA,0,0
86410,ACT,0,1
86425,RDA,0,1
86452,ACT,1,0
86467,RDA,1,0
86503,ACT,1,0
86518,RDA,1,0
86541,ACT,0,0
86556,RDA,0,0
86592,ACT,0,0
86607,RDA,0,0
86643,ACT,0,0
86658,RDA,0,0
86694,ACT,0,0
86709,RDA,0,0
86710,ACT,1,0
86725,RDA,1,0
86761,ACT,1,0
86776,RDA,1,0
86812,ACT,1,0
86827,RDA,1,0
86863,ACT,1,0
86878,RDA,1,0
86914,ACT,1,0
86929,RDA,1,0
86965,ACT,1,0
86980,RDA,1,0
87016,ACT,1,0
87031,RDA,1,0
87032,ACT,0,2
87047,RDA,0,2
87067,ACT,1,0
87082,RDA,1,0
87118,ACT,1,0
87133,RDA,1,0
87169,ACT,1,0
87184,RDA,1,0
87220,ACT,1,0
87235,RDA,1,0
87241,ACT,0,0
87256,RDA,0,0
87292,ACT,0,0
87307,RDA,0,0
87343,ACT,0,0
87358,RDA,0,0
87394,REF,0,0
87498,ACT,0,0
87513,RDA,0,0
87549,ACT,0,0
87564,RDA,0,0
87600,ACT,0,0
87615,RDA,0,0
87616,ACT,1,2
87631,RDA,1,2
87632,ACT,0,3
87647,RDA,0,3
87667,ACT,1,2
87682,RDA,1,2
87718,ACT,1,2
87733,RDA,1,2
87769,ACT,1,2
87784,RDA,1,2
87820,ACT,1,2
87835,RDA,1,2
87871,ACT,1,2
87886,RDA,1,2
87887,ACT,1,3
87902,RDA,1,3
87938,ACT,1,3
87953,RDA,1,3
87954,ACT,0,3
87969,RDA,0,3
87989,ACT,1,3
88004,RDA,1,3
88040,ACT,1,3
88055,RDA,1,3
88095,ACT,0,3
88110,RDA,0,3
88128,ACT,1,3
88143,RDA,1,3
88179,ACT,1,3
88194,RDA,1,3
88230,ACT,1,3
88245,RDA,1,3
88281,ACT,1,3
88296,RDA,1,3
88332,ACT,1,3
88347,RDA,1,3
88383,ACT,1,3
88398,RDA,1,3
88399,ACT,1,2
88414,RDA,1,2
88450,ACT,1,2
88465,RDA,1,2
88501,ACT,1,2
88516,RDA,1,2
88552,ACT,1,2
88567,RDA,1,2
88603,ACT,1,2
88618,RDA,1,2
88654,ACT,1,2
88669,RDA,1,2
88705,ACT,1,2
88720,RDA,1,2
88756,ACT,1,2
88771,RDA,1,2
88807,ACT,1,2
88822,RDA,1,2
88858,ACT,1,2
88873,RDA,1,2
88909,ACT,1,2
88924,RDA,1,2
88960,ACT,1,2
88975,RDA,1,2
88976,ACT,1,3
88991,RDA,1,3
89027,ACT,1,3
89042,RDA,1,3
89043,ACT,0,0
89058,RDA,0,0
89059,ACT,0,1
89074,RDA,0,1
89094,ACT,0,0
89109,RDA,0,0
89145,ACT,0,0
89160,RDA,0,0
89247,ACT,0,0
89262,RDA,0,0
89360,ACT,0,0
89375,RDA,0,0
89411,ACT,0,0
89426,RDA,0,0
89462,ACT,0,0
89477,RDA,0,0
89478,ACT,1,3
89493,RDA,1,3
89529,ACT,1,3
89544,RDA,1,3
89580,ACT,1,3
89595,RDA,1,3
89631,ACT,1,3
89646,RDA,1,3
89682,ACT,1,3
89697,RDA,1,3
89733,ACT,1,3
89748,RDA,1,3
89784,ACT,1,3
89799,RDA,1,3
89835,ACT,1,3
89850,RDA,1,3
89957,ACT,1,3
89972,RDA,1,3
90008,ACT,1,3
90023,RDA,1,3
90059,ACT,1,3
90074,RDA,1,3
90110,ACT,1,3
90125,RDA,1,3
90161,ACT,1,3
90176,RDA,1,3
90212,ACT,1,3
90227,RDA,1,3
90263,ACT,1,3
90278,RDA,1,3
90314,ACT,1,3
90329,RDA,1,3
90365,ACT,1,3
90380,RDA,1,3
90381,ACT,0,2
90396,RDA,0,2
90432,ACT,0,2
90447,RDA,0,2
90483,ACT,0,2
90498,RDA,0,2
90534,REF,0,0
90638,ACT,0,2
90653,RDA,0,2
90654,ACT,1,3
90669,RDA,1,3
90670,ACT,0,1
90685,RDA,0,1
90705,ACT,1,3
90720,RDA,1,3
90756,ACT,1,3
90771,RDA,1,3
90772,ACT,0,2
90787,RDA,0,2
90807,ACT,1,3
90822,RDA,1,3
90858,ACT,1,3
90873,RDA,1,3
90874,ACT,0,2
90889,RDA,0,2
90925,ACT,0,2
90940,RDA,0,2
90941,ACT,1,3
90956,RDA,1,3
90992,ACT,1,3
91007,RDA,1,3
91043,ACT,1,3
91058,RDA,1,3
91094,ACT,1,3
91109,RDA,1,3
91145,ACT,1,3
91160,RDA,1,3
91161,ACT,0,1
91176,RDA,0,1
91212,ACT,0,1
91227,RDA,0,1
91263,ACT,0,1
91278,RDA,0,1
91314,ACT,0,1
91329,RDA,0,1
91330,ACT,1,0
91345,RDA,1,0
91590,ACT,0,0
91605,RDA,0,0
91637,ACT,1,3
91652,RDA,1,3
91688,ACT,1,3
91703,RDA,1,3
91739,ACT,1,3
91754,RDA,1,3
91790,ACT,1,3
91805,RDA,1,3
91841,ACT,1,3
91856,RDA,1,3
91892,ACT,1,3
91907,RDA,1,3
91943,ACT,1,3
91958,RDA,1,3
91986,ACT,0,2
92001,RDA,0,2
92025,ACT,0,0
92040,RDA,0,0
92076,ACT,0,0
92091,RDA,0,0
92127,ACT,0,0
92142,RDA,0,0
92178,ACT,0,0
92193,RDA,0,0
92229,ACT,0,0
92244,RDA,0,0
92280,ACT,0,0
92295,RDA,0,0
92331,ACT,0,0
92346,RDA,0,0
92382,ACT,0,0
92397,RDA,0,0
92433,ACT,0,0
92448,RDA,0,0
92484,ACT,0,0
92499,RDA,0,0
92535,ACT,0,0
92550,RDA,0,0
92586,ACT,0,0
92601,RDA,0,0
92637,ACT,0,0
92652,RDA,0,0
92688,ACT,0,0
92703,RDA,0,0
92739,ACT,0,0
92754,RDA,0,0
92790,ACT,0,0
92805,RDA,0,0
92841,ACT,0,0
92856,RDA,0,0
92892,ACT,0,0
92907,RDA,0,0
92943,ACT,0,0
92958,RDA,0,0
92994,ACT,0,0
93009,RDA,0,0
93045,ACT,0,0
93060,RDA,0,0
93096,ACT,0,0
93111,RDA,0,0
93147,ACT,0,0
93162,RDA,0,0
93198,ACT,0,0
93213,RDA,0,0
93249,ACT,0,0
93264,RDA,0,0
93300,ACT,0,0
93315,RDA,0,0
93351,ACT,0,0
93366,RDA,0,0
93402,ACT,0,0
93417,RDA,0,0
93418,ACT,0,1
93433,RDA,0,1
93469,ACT,0,1
93484,RDA,0,1
93520,ACT,0,1
93535,RDA,0,1
93571,ACT,0,1
93586,RDA,0,1
93622,ACT,0,1
93637,RDA,0,1
93673,REF,0,0
93777,ACT,0,1
93792,RDA,0,1
93828,ACT,0,1
93843,RDA,0,1
93879,ACT,0,1
93894,RDA,0,1
93930,ACT,0,1
93945,RDA,0,1
93981,ACT,0,1
93996,RDA,0,1
94032,ACT,0,1
94047,RDA,0,1
94083,ACT,0,1
94098,RDA,0,1
94134,ACT,0,1
94149,RDA,0,1
94185,ACT,0,1
94200,RDA,0,1
94236,ACT,0,1
94251,RDA,0,1
94252,ACT,0,0
94267,RDA,0,0
94287,ACT,0,1
94302,RDA,0,1
94338,ACT,0,1
94353,RDA,0,1
94389,ACT,0,1
94404,RDA,0,1
94440,ACT,0,1
94455,RDA,0,1
94491,ACT,0,1
94506,RDA,0,1
94542,ACT,0,1
94557,RDA,0,1
94593,ACT,0,1
94608,RDA,0,1
94644,ACT,0,1
94659,RDA,0,1
94695,ACT,0,1
94710,RDA,0,1
94746,ACT,0,1
94761,RDA,0,1
94797,ACT,0,1
94812,RDA,0,1
94813,ACT,0,2
94828,RDA,0,2
94963,ACT,0,0
94978,RDA,0,0
95014,ACT,0,0
95029,RDA,0,0
95065,ACT,0,0
95080,RDA,0,0
95116,ACT,0,0
95131,RDA,0,0
95132,ACT,0,1
95147,RDA,0,1
95183,ACT,0,1
95198,RDA,0,1
95234,ACT,0,1
95249,RDA,0,1
95285,ACT,0,1
95300,RDA,0,1
95336,ACT,0,1
95351,RDA,0,1
95387,ACT,0,1
95402,RDA,0,1
95438,ACT,0,1
95453,RDA,0,1
95489,ACT,0,1
95504,RDA,0,1
95540,ACT,0,1
95555,RDA,0,1
95591,ACT,0,1
95606,RDA,0,1
95642,ACT,0,1
95657,RDA,0,1
95693,ACT,0,1
95708,RDA,0,1
95744,ACT,0,1
95759,RDA,0,1
95795,ACT,0,1
95810,RDA,0,1
95846,ACT,0,1
95861,RDA,0,1
95862,ACT,0,0
95877,RDA,0,0
95913,ACT,0,0
95928,RDA,0,0
96720,REF,0,0
98466,ACT,0,0
98481,RDA,0,0
98656,ACT,1,0
98671,RDA,1,0
98968,ACT,0,0
98983,RDA,0,0
99021,ACT,1,3
99036,RDA,1,3
99840,REF,0,0
100296,ACT,0,2
100311,RDA,0,2
100541,ACT,1,0
100556,RDA,1,0
100912,ACT,0,0
100927,RDA,0,0
102960,REF,0,0
104679,ACT,0,2
104694,RDA,0,2
104979,ACT,0,0
104994,RDA,0,0
105117,ACT,0,2
105132,RDA,0,2
105156,ACT,0,0
105171,RDA,0,0
105207,ACT,0,0
105222,RDA,0,0
105276,ACT,0,0
105291,RDA,0,0
105308,ACT,0,1
105323,RDA,0,1
105359,ACT,0,1
105374,RDA,0,1
105410,ACT,0,1
105425,RDA,0,1
105461,ACT,0,1
105476,RDA,0,1
105512,ACT,0,1
105527,RDA,0,1
105563,ACT,0,1
105578,RDA,0,1
105614,ACT,0,1
105629,RDA,0,1
105665,ACT,0,1
105680,RDA,0,1
105681,ACT,1,0
105696,RDA,1,0
105732,ACT,1,0
105747,RDA,1,0
105783,ACT,1,0
105798,RDA,1,0
105834,ACT,1,0
105849,RDA,1,0
105850,ACT,0,3
105865,RDA,0,3
105901,ACT,0,3
105916,RDA,0,3
105917,ACT,1,0
105932,RDA,1,0
105933,ACT,0,1
105948,RDA,0,1
105968,ACT,1,0
105983,RDA,1,0
105984,ACT,0,3
105999,RDA,0,3
106019,ACT,1,0
106034,RDA,1,0
106070,ACT,1,0
106085,RDA,1,0
106121,REF,0,0
106225,ACT,1,0
106240,RDA,1,0
106276,ACT,1,0
106291,RDA,1,0
106327,ACT,1,0
106342,RDA,1,0
106343,ACT,0,3
106358,RDA,0,3
106359,ACT,0,0
106374,RDA,0,0
106410,ACT,0,0
106425,RDA,0,0
106426,ACT,0,3
106441,RDA,0,3
106477,ACT,0,3
106492,RDA,0,3
106493,ACT,0,0
106508,RDA,0,0
106528,ACT,0,3
106543,RDA,0,3
106544,ACT,0,0
106559,RDA,0,0
106560,ACT,1,0
106575,RDA,1,0
106611,ACT,1,0
106626,RDA,1,0
106662,ACT,1,0
106677,RDA,1,0
106713,ACT,1,0
106728,RDA,1,0
106729,ACT,1,1
106744,RDA,1,1
106780,ACT,1,1
106795,RDA,1,1
106831,ACT,1,1
106846,RDA,1,1
106882,ACT,1,1
106897,RDA,1,1
106898,ACT,0,3
106913,RDA,0,3
106933,ACT,1,1
106948,RDA,1,1
106949,ACT,0,3
106964,RDA,0,3
106984,ACT,1,1
106999,RDA,1,1
107035,ACT,1,1
107050,RDA,1,1
107086,ACT,1,1
107101,RDA,1,1
107102,ACT,0,3
107117,RDA,0,3
107153,ACT,0,3
107168,RDA,0,3
107169,ACT,1,1
107184,RDA,1,1
107204,ACT,0,3
107219,RDA,0,3
107220,ACT,1,1
107235,RDA,1,1
107236,ACT,0,0
107251,RDA,0,0
107287,ACT,0,0
107302,RDA,0,0
107338,ACT,0,0
107353,RDA,0,0
107389,ACT,0,0
107404,RDA,0,0
107405,ACT,1,1
107420,RDA,1,1
107440,ACT,0,0
107455,RDA,0,0
107491,ACT,0,0
107506,RDA,0,0
107542,ACT,0,0
107557,RDA,0,0
107593,ACT,0,0
107608,RDA,0,0
107609,ACT,0,1
107624,RDA,0,1
107644,ACT,0,0
107659,RDA,0,0
107695,ACT,0,0
107710,RDA,0,0
107746,ACT,0,0
107761,RDA,0,0
107797,ACT,0,0
107812,RDA,0,0
107848,ACT,0,0
107863,RDA,0,0
107899,ACT,0,0
107914,RDA,0,0
107950,ACT,0,0
107965,RDA,0,0
108001,ACT,0,0
108016,RDA,0,0
108052,ACT,0,0
108067,RDA,0,0
108103,ACT,0,0
108118,RDA,0,0
108154,ACT,0,0
108169,RDA,0,0
108170,ACT,0,3
108185,RDA,0,3
108205,ACT,0,0
108220,RDA,0,0
108256,ACT,0,0
108271,RDA,0,0
108307,ACT,0,0
108322,RDA,0,0
108358,ACT,0,0
108373,RDA,0,0
108409,ACT,0,0
108424,RDA,0,0
108460,ACT,0,0
108475,RDA,0,0
108476,ACT,1,1
108491,RDA,1,1
108527,ACT,1,1
108542,RDA,1,1
108578,ACT,1,1
108593,RDA,1,1
108629,ACT,1,1
108644,RDA,1,1
108680,ACT,1,1
108695,RDA,1,1
108731,ACT,1,1
108746,RDA,1,1
108782,ACT,1,1
108797,RDA,1,1
108833,ACT,1,1
108848,RDA,1,1
108884,ACT,1,1
108899,RDA,1,1
108900,ACT,0,0
108915,RDA,0,0
108951,ACT,0,0
108966,RDA,0,0
109002,ACT,0,0
109017,RDA,0,0
109018,ACT,0,3
109033,RDA,0,3
109034,ACT,1,1
109049,RDA,1,1
109085,ACT,1,1
109100,RDA,1,1
109101,ACT,0,0
109116,RDA,0,0
109152,ACT,0,0
109167,RDA,0,0
109203,ACT,0,0
109218,RDA,0,0
109254,REF,0,0
109358,ACT,0,0
109373,RDA,0,0
109374,ACT,1,1
109389,RDA,1,1
109425,ACT,1,1
109440,RDA,1,1
109476,ACT,1,1
109491,RDA,1,1
109527,ACT,1,1
109542,RDA,1,1
109578,ACT,1,1
109593,RDA,1,1
109629,ACT,1,1
109644,RDA,1,1
109680,ACT,1,1
109695,RDA,1,1
109731,ACT,1,1
109746,RDA,1,1
109782,ACT,1,1
109797,RDA,1,1
109798,ACT,0,3
109813,RDA,0,3
109833,ACT,1,1
109848,RDA,1,1
109884,ACT,1,1
109899,RDA,1,1
109935,ACT,1,1
109950,RDA,1,1
109951,ACT,0,0
109966,RDA,0,0
109986,ACT,1,1
110001,RDA,1,1
110037,ACT,1,1
110052,RDA,1,1
110088,ACT,1,1
110103,RDA,1,1
110139,ACT,1,1
110154,RDA,1,1
110190,ACT,1,1
110205,RDA,1,1
110241,ACT,1,1
110256,RDA,1,1
110292,ACT,1,1
110307,RDA,1,1
110343,ACT,1,1
110358,RDA,1,1
110394,ACT,1,1
110409,RDA,1,1
110445,ACT,1,1
110460,RDA,1,1
110496,ACT,1,1
110511,RDA,1,1
110547,ACT,1,1
110562,RDA,1,1
110598,ACT,1,1
110613,RDA,1,1
110649,ACT,1,1
110664,RDA,1,1
110700,ACT,1,1
110715,RDA,1,1
110751,ACT,1,1
110766,RDA,1,1
110802,ACT,1,1
110817,RDA,1,1
110853,ACT,1,1
110868,RDA,1,1
110904,ACT,1,1
110919,RDA,1,1
110955,ACT,1,1
110970,RDA,1,1
111006,ACT,1,1
111021,RDA,1,1
111022,ACT,0,3
111037,RDA,0,3
111057,ACT,1,1
111072,RDA,1,1
111108,ACT,1,1
111123,RDA,1,1
111159,ACT,1,1
111174,RDA,1,1
111210,ACT,1,1
111225,RDA,1,1
111261,ACT,1,1
111276,RDA,1,1
111277,ACT,0,1
111292,RDA,0,1
111312,ACT,1,1
111327,RDA,1,1
111363,ACT,1,1
111378,RDA,1,1
111414,ACT,1,1
111429,RDA,1,1
111465,ACT,1,1
111480,RDA,1,1
111481,ACT,0,0
111496,RDA,0,0
111532,ACT,0,0
111547,RDA,0,0
111548,ACT,0,3
111563,RDA,0,3
111583,ACT,0,0
111598,RDA,0,0
111634,ACT,0,0
111649,RDA,0,0
111650,ACT,1,0
111665,WRA,1,0
111685,ACT,0,0
111700,RDA,0,0
111736,ACT,0,0
111751,RDA,0,0
111787,ACT,0,0
111802,RDA,0,0
111838,ACT,0,0
111853,RDA,0,0
111889,ACT,0,0
111904,RDA,0,0
111940,ACT,0,0
111955,RDA,0,0
111991,ACT,0,0
112006,RDA,0,0
112042,ACT,0,0
112057,RDA,0,0
112093,ACT,0,0
112108,RDA,0,0
112144,ACT,0,0
112159,RDA,0,0
112195,ACT,0,0
112210,RDA,0,0
112246,ACT,0,0
112261,RDA,0,0
112297,ACT,0,0
112312,RDA,0,0
112348,ACT,0,0
112363,RDA,0,0
112399,REF,0,0
112503,ACT,0,0
112518,RDA,0,0
112554,ACT,0,0
112569,RDA,0,0
112605,ACT,0,0
112620,RDA,0,0
112656,ACT,0,0
112671,RDA,0,0
112672,ACT,1,1
112687,RDA,1,1
112688,ACT,0,1
112703,RDA,0,1
112739,ACT,0,1
112754,RDA,0,1
112790,ACT,0,1
112805,RDA,0,1
112806,ACT,1,1
112821,RDA,1,1
112857,ACT,1,1
112872,RDA,1,1
112908,ACT,1,1
112923,RDA,1,1
112959,ACT,1,1
112974,RDA,1,1
113010,ACT,1,1
113025,RDA,1,1
113061,ACT,1,1
113076,RDA,1,1
113112,ACT,1,1
113127,RDA,1,1
113163,ACT,1,1
113178,RDA,1,1
113214,ACT,1,1
113229,RDA,1,1
113265,ACT,1,1
113280,RDA,1,1
113316,ACT,1,1
113331,RDA,1,1
113367,ACT,1,1
113382,RDA,1,1
113418,ACT,1,1
113433,RDA,1,1
113469,ACT,1,1
113484,RDA,1,1
113485,ACT,0,1
113500,RDA,0,1
113536,ACT,0,1
113551,RDA,0,1
113552,ACT,1,1
113567,RDA,1,1
113603,ACT,1,1
113618,RDA,1,1
113654,ACT,1,1
113669,RDA,1,1
113705,ACT,1,1
113720,RDA,1,1
113721,ACT,1,2
113736,RDA,1,2
113772,ACT,1,2
113787,RDA,1,2
113823,ACT,1,2
113838,RDA,1,2
113874,ACT,1,2
113889,RDA,1,2
113925,ACT,1,2
113940,RDA,1,2
113976,ACT,1,2
113991,RDA,1,2
114027,ACT,1,2
114042,RDA,1,2
114078,ACT,1,2
114093,RDA,1,2
114129,ACT,1,2
114144,RDA,1,2
114180,ACT,1,2
114195,RDA,1,2
114231,ACT,1,2
114246,RDA,1,2
114282,ACT,1,2
114297,RDA,1,2
114333,ACT,1,2
114348,RDA,1,2
114384,ACT,1,2
114399,RDA,1,2
114435,ACT,1,2
114450,RDA,1,2
114486,ACT,1,2
114501,RDA,1,2
114537,ACT,1,2
114552,RDA,1,2
114588,ACT,1,2
114603,RDA,1,2
114639,ACT,1,2
114654,RDA,1,2
114690,ACT,1,2
114705,RDA,1,2
114741,ACT,1,2
114756,RDA,1,2
114792,ACT,1,2
114807,RDA,1,2
114843,ACT,1,2
114858,RDA,1,2
114894,ACT,1,2
114909,RDA,1,2
114945,ACT,1,2
114960,RDA,1,2
114961,ACT,1,3
114976,RDA,1,3
114996,ACT,1,2
115011,RDA,1,2
115047,ACT,1,2
115062,RDA,1,2
115063,ACT,1,3
115078,RDA,1,3
115114,ACT,1,3
115129,RDA,1,3
115130,ACT,1,0
115145,RDA,1,0
115146,ACT,0,3
115161,RDA,0,3
115181,ACT,1,0
115196,RDA,1,0
115232,ACT,1,0
115247,RDA,1,0
115248,ACT,0,3
115263,RDA,0,3
115283,ACT,1,0
115298,RDA,1,0
115334,ACT,1,0
115349,WRA,1,0
115392,ACT,1,0
115407,RDA,1,0
115443,ACT,1,0
115458,WRA,1,0
