51,ACT,0
66,RDA,0
119,ACT,1
134,RDA,1
232,ACT,0
247,RDA,0
283,ACT,0
298,RDA,0
334,ACT,0
349,RDA,0
385,ACT,0
400,RDA,0
436,ACT,0
451,RDA,0
487,ACT,0
502,RDA,0
538,ACT,0
553,RDA,0
589,ACT,0
604,RDA,0
640,ACT,0
655,RDA,0
691,ACT,0
706,RDA,0
742,ACT,0
757,RDA,0
793,ACT,0
808,RDA,0
1673,ACT,1
1688,RDA,1
1724,ACT,1
1739,RDA,1
1775,ACT,1
1790,RDA,1
1826,ACT,1
1841,RDA,1
1877,ACT,1
1892,RDA,1
2027,ACT,1
2042,RDA,1
2078,ACT,1
2093,RDA,1
2129,ACT,1
2144,RDA,1
2180,ACT,1
2195,RDA,1
2569,ACT,2
2584,RDA,2
2620,ACT,2
2635,RDA,2
2671,ACT,2
2686,RDA,2
2703,ACT,1
2718,RDA,1
2754,ACT,1
2769,RDA,1
2853,ACT,3
2868,RDA,3
2904,ACT,3
2919,RDA,3
3003,ACT,3
3018,RDA,3
3035,ACT,1
3050,RDA,1
3086,ACT,1
3101,RDA,1
3137,ACT,1
3152,RDA,1
6692,ACT,0
6707,RDA,0
6743,ACT,0
6758,RDA,0
6794,ACT,0
6809,RDA,0
6845,ACT,0
6860,RDA,0
6896,ACT,0
6911,RDA,0
6947,ACT,0
6962,RDA,0
6998,ACT,0
7013,RDA,0
7049,ACT,0
7064,RDA,0
7100,ACT,0
7115,RDA,0
7151,ACT,0
7166,RDA,0
7202,ACT,0
7217,RDA,0
7253,ACT,0
7268,RDA,0
7304,ACT,0
7319,RDA,0
7355,ACT,0
7370,RDA,0
7406,ACT,0
7421,RDA,0
7457,ACT,0
7472,RDA,0
7508,ACT,0
7523,RDA,0
7559,ACT,0
7574,RDA,0
7610,ACT,0
7625,RDA,0
7661,ACT,0
7676,RDA,0
7712,ACT,0
7727,RDA,0
7763,ACT,0
7778,RDA,0
7814,ACT,0
7829,RDA,0
7865,ACT,0
7880,RDA,0
7916,ACT,0
7931,RDA,0
7967,ACT,0
7982,RDA,0
8018,ACT,0
8033,RDA,0
8069,ACT,0
8084,RDA,0
8120,ACT,0
8135,RDA,0
8171,ACT,0
8186,RDA,0
8222,ACT,0
8237,RDA,0
8273,ACT,0
8288,RDA,0
8324,ACT,0
8339,RDA,0
8375,ACT,0
8390,RDA,0
8426,ACT,0
8441,RDA,0
8477,ACT,0
8492,RDA,0
8528,ACT,0
8543,RDA,0
8579,ACT,0
8594,RDA,0
8630,ACT,0
8645,RDA,0
8681,ACT,0
8696,RDA,0
8732,ACT,0
8747,RDA,0
8783,ACT,0
8798,RDA,0
8834,ACT,0
8849,RDA,0
8885,ACT,0
8900,RDA,0
8936,ACT,0
8951,RDA,0
8987,ACT,0
9002,RDA,0
9038,ACT,0
9053,RDA,0
9089,ACT,0
9104,RDA,0
9140,ACT,0
9155,RDA,0
9191,ACT,0
9206,RDA,0
9242,ACT,0
9257,RDA,0
9293,ACT,0
9308,RDA,0
9344,ACT,0
9359,RDA,0
9499,ACT,0
9514,RDA,0
9550,ACT,0
9565,RDA,0
9601,ACT,0
9616,RDA,0
9652,ACT,0
9667,RDA,0
9703,ACT,0
9718,RDA,0
9754,ACT,0
9769,RDA,0
9805,ACT,0
9820,RDA,0
9856,ACT,0
9871,RDA,0
9907,ACT,0
9922,RDA,0
9958,ACT,0
9973,RDA,0
10009,ACT,0
10024,RDA,0
10060,ACT,0
10075,RDA,0
10111,ACT,0
10126,RDA,0
10162,ACT,0
10177,RDA,0
10213,ACT,0
10228,RDA,0
10264,ACT,0
10279,RDA,0
10315,ACT,0
10330,RDA,0
10366,ACT,0
10381,RDA,0
10417,ACT,0
10432,RDA,0
10468,ACT,0
10483,RDA,0
10519,ACT,0
10534,RDA,0
10570,ACT,0
10585,RDA,0
10621,ACT,0
10636,RDA,0
10672,ACT,0
10687,RDA,0
10723,ACT,0
10738,RDA,0
10774,ACT,0
10789,RDA,0
10825,ACT,0
10840,RDA,0
10876,ACT,0
10891,RDA,0
10927,ACT,0
10942,RDA,0
10978,ACT,0
10993,RDA,0
11029,ACT,0
11044,RDA,0
11080,ACT,0
11095,RDA,0
11131,ACT,0
11146,RDA,0
11182,ACT,0
11197,RDA,0
11233,ACT,0
11248,RDA,0
11284,ACT,0
11299,RDA,0
11335,ACT,0
11350,RDA,0
11386,ACT,0
11401,RDA,0
11437,ACT,0
11452,RDA,0
11488,ACT,0
11503,RDA,0
11539,ACT,0
11554,RDA,0
11590,ACT,0
11605,RDA,0
11641,ACT,0
11656,RDA,0
11692,ACT,0
11707,RDA,0
11743,ACT,0
11758,RDA,0
11794,ACT,0
11809,RDA,0
11845,ACT,0
11860,RDA,0
11896,ACT,0
11911,RDA,0
11947,ACT,0
11962,RDA,0
11998,ACT,0
12013,RDA,0
12049,ACT,0
12064,RDA,0
12100,ACT,0
12115,RDA,0
12151,ACT,0
12166,RDA,0
12202,ACT,0
12217,RDA,0
12253,ACT,0
12268,RDA,0
12304,ACT,0
12319,RDA,0
12355,ACT,0
12370,RDA,0
12406,ACT,0
12421,RDA,0
12457,ACT,0
12472,RDA,0
12508,ACT,0
12523,RDA,0
12663,ACT,0
12678,RDA,0
12714,ACT,0
12729,RDA,0
12765,ACT,0
12780,RDA,0
12816,ACT,0
12831,RDA,0
12867,ACT,0
12882,RDA,0
12918,ACT,0
12933,RDA,0
12969,ACT,0
12984,RDA,0
13020,ACT,0
13035,RDA,0
13071,ACT,0
13086,RDA,0
13122,ACT,0
13137,RDA,0
13173,ACT,0
13188,RDA,0
13224,ACT,0
13239,RDA,0
13275,ACT,0
13290,RDA,0
13326,ACT,0
13341,RDA,0
13377,ACT,0
13392,RDA,0
13393,ACT,1
13408,RDA,1
13409,ACT,2
13424,RDA,2
13460,ACT,2
13475,RDA,2
13511,ACT,2
13526,RDA,2
13562,ACT,2
13577,RDA,2
13613,ACT,2
13628,RDA,2
13664,ACT,2
13679,RDA,2
13715,ACT,2
13730,RDA,2
13766,ACT,2
13781,RDA,2
13817,ACT,2
13832,RDA,2
13868,ACT,2
13883,RDA,2
13919,ACT,2
13934,RDA,2
13970,ACT,2
13985,RDA,2
14021,ACT,2
14036,RDA,2
14072,ACT,2
14087,RDA,2
14123,ACT,2
14138,RDA,2
14174,ACT,2
14189,RDA,2
14225,ACT,2
14240,RDA,2
14276,ACT,2
14291,RDA,2
14327,ACT,2
14342,RDA,2
14378,ACT,2
14393,RDA,2
14429,ACT,2
14444,RDA,2
14480,ACT,2
14495,RDA,2
14531,ACT,2
14546,RDA,2
14582,ACT,2
14597,RDA,2
14598,ACT,1
14613,RDA,1
14633,ACT,2
14648,RDA,2
14649,ACT,1
14664,RDA,1
14700,ACT,1
14715,RDA,1
14751,ACT,1
14766,RDA,1
14802,ACT,1
14817,RDA,1
14853,ACT,1
14868,RDA,1
14904,ACT,1
14919,RDA,1
14955,ACT,1
14970,RDA,1
15006,ACT,1
15021,RDA,1
15057,ACT,1
15072,RDA,1
15108,ACT,1
15123,RDA,1
15159,ACT,1
15174,RDA,1
15210,ACT,1
15225,RDA,1
15261,ACT,1
15276,RDA,1
15312,ACT,1
15327,RDA,1
15363,ACT,1
15378,RDA,1
15414,ACT,1
15429,RDA,1
15465,ACT,1
15480,RDA,1
15516,ACT,1
15531,RDA,1
15567,ACT,1
15582,RDA,1
15618,ACT,1
15633,RDA,1
15773,ACT,1
15788,RDA,1
15824,ACT,1
15839,RDA,1
15875,ACT,1
15890,RDA,1
15926,ACT,1
15941,RDA,1
15977,ACT,1
15992,RDA,1
16028,ACT,1
16043,RDA,1
16079,ACT,1
16094,RDA,1
16130,ACT,1
16145,RDA,1
16181,ACT,1
16196,RDA,1
16232,ACT,1
16247,RDA,1
16248,ACT,2
16263,RDA,2
16299,ACT,2
16314,RDA,2
16350,ACT,2
16365,RDA,2
16366,ACT,1
16381,RDA,1
16382,ACT,3
16397,RDA,3
16433,ACT,3
16448,RDA,3
16449,ACT,1
16464,RDA,1
16484,ACT,3
16499,RDA,3
16516,ACT,1
16531,RDA,1
16701,ACT,3
16716,RDA,3
16752,ACT,3
16767,RDA,3
16784,ACT,1
16799,RDA,1
16835,ACT,1
16850,RDA,1
16918,ACT,3
16933,RDA,3
16969,ACT,3
16984,RDA,3
17020,ACT,3
17035,RDA,3
17071,ACT,3
17086,RDA,3
17122,ACT,3
17137,RDA,3
17173,ACT,3
17188,RDA,3
17224,ACT,3
17239,RDA,3
17275,ACT,3
17290,RDA,3
17326,ACT,3
17341,RDA,3
17377,ACT,3
17392,RDA,3
17428,ACT,3
17443,RDA,3
17479,ACT,3
17494,RDA,3
17530,ACT,3
17545,RDA,3
17581,ACT,3
17596,RDA,3
17632,ACT,3
17647,RDA,3
17683,ACT,3
17698,RDA,3
17817,ACT,3
17832,RDA,3
17970,ACT,3
17985,RDA,3
18021,ACT,3
18036,RDA,3
18072,ACT,3
18087,RDA,3
18123,ACT,3
18138,RDA,3
18174,ACT,3
18189,RDA,3
18225,ACT,3
18240,RDA,3
18276,ACT,3
18291,RDA,3
18327,ACT,3
18342,RDA,3
18378,ACT,3
18393,RDA,3
18429,ACT,3
18444,RDA,3
18480,ACT,3
18495,RDA,3
18496,ACT,2
18511,RDA,2
18547,ACT,2
18562,RDA,2
18598,ACT,2
18613,RDA,2
18649,ACT,2
18664,RDA,2
18700,ACT,2
18715,RDA,2
18751,ACT,2
18766,RDA,2
18906,ACT,2
18921,RDA,2
18957,ACT,2
18972,RDA,2
19008,ACT,2
19023,RDA,2
19059,ACT,2
19074,RDA,2
19110,ACT,2
19125,RDA,2
19161,ACT,2
19176,RDA,2
19212,ACT,2
19227,RDA,2
19295,ACT,3
19310,RDA,3
19346,ACT,3
19361,RDA,3
19378,ACT,2
19393,RDA,2
19429,ACT,2
19444,RDA,2
19480,ACT,2
19495,RDA,2
19531,ACT,2
19546,RDA,2
19582,ACT,2
19597,RDA,2
19614,ACT,3
19629,RDA,3
19665,ACT,3
19680,RDA,3
19681,ACT,2
19696,RDA,2
19732,ACT,2
19747,RDA,2
19783,ACT,2
19798,RDA,2
19834,ACT,2
19849,RDA,2
19885,ACT,2
19900,RDA,2
19901,ACT,1
19916,RDA,1
19936,ACT,2
19951,RDA,2
19987,ACT,2
20002,RDA,2
20003,ACT,3
20018,RDA,3
20054,ACT,3
20069,RDA,3
20105,ACT,3
20120,RDA,3
20156,ACT,3
20171,RDA,3
20207,ACT,3
20222,RDA,3
20258,ACT,3
20273,RDA,3
20392,ACT,3
20407,RDA,3
20443,ACT,3
20458,RDA,3
20494,ACT,3
20509,RDA,3
20545,ACT,3
20560,RDA,3
20577,ACT,1
20592,RDA,1
20609,ACT,3
20624,RDA,3
20743,ACT,3
20758,RDA,3
20794,ACT,3
20809,RDA,3
20845,ACT,3
20860,RDA,3
20896,ACT,3
20911,RDA,3
20947,ACT,3
20962,RDA,3
21403,ACT,3
21418,RDA,3
21419,ACT,0
21434,RDA,0
21470,ACT,0
21485,RDA,0
21521,ACT,0
21536,RDA,0
21572,ACT,0
21587,RDA,0
21623,ACT,0
21638,RDA,0
23270,ACT,3
23285,RDA,3
23321,ACT,3
23336,RDA,3
23372,ACT,3
23387,RDA,3
23423,ACT,3
23438,RDA,3
23474,ACT,3
23489,RDA,3
23726,ACT,1
23741,RDA,1
23777,ACT,1
23792,RDA,1
23860,ACT,1
23875,RDA,1
23911,ACT,1
23926,RDA,1
23962,ACT,1
23977,RDA,1
24743,ACT,3
24758,RDA,3
24794,ACT,3
24809,RDA,3
24845,ACT,3
24860,RDA,3
24896,ACT,3
24911,RDA,3
24947,ACT,3
24962,RDA,3
25102,ACT,3
25117,RDA,3
25153,ACT,3
25168,RDA,3
25204,ACT,3
25219,RDA,3
25255,ACT,3
25270,RDA,3
25306,ACT,3
25321,RDA,3
25357,ACT,3
25372,RDA,3
25408,ACT,3
25423,RDA,3
25459,ACT,3
25474,RDA,3
25510,ACT,3
25525,RDA,3
25561,ACT,3
25576,RDA,3
26135,ACT,1
26150,RDA,1
26186,ACT,1
26201,RDA,1
26489,ACT,1
26504,RDA,1
26591,ACT,1
26606,RDA,1
26642,ACT,1
26657,RDA,1
26744,ACT,1
26759,RDA,1
26795,ACT,1
26810,RDA,1
26846,ACT,1
26861,RDA,1
27471,ACT,3
27486,RDA,3
27522,ACT,3
27537,RDA,3
27573,ACT,3
27588,RDA,3
27624,ACT,3
27639,RDA,3
27675,ACT,3
27690,RDA,3
27726,ACT,3
27741,RDA,3
27777,ACT,3
27792,RDA,3
27828,ACT,3
27843,RDA,3
27879,ACT,3
27894,RDA,3
27930,ACT,3
27945,RDA,3
27981,ACT,3
27996,RDA,3
28032,ACT,3
28047,RDA,3
28083,ACT,3
28098,RDA,3
28254,ACT,3
28269,RDA,3
28305,ACT,3
28320,RDA,3
28356,ACT,3
28371,RDA,3
28643,ACT,3
28658,RDA,3
28694,ACT,3
28709,RDA,3
28745,ACT,3
28760,RDA,3
29217,ACT,3
29232,RDA,3
29268,ACT,3
29283,RDA,3
29319,ACT,3
29334,RDA,3
29969,ACT,1
29984,RDA,1
30569,ACT,1
30584,RDA,1
31518,ACT,1
31533,RDA,1
31930,ACT,1
31945,RDA,1
32659,ACT,1
32674,RDA,1
33818,ACT,1
33833,RDA,1
34184,ACT,1
34199,RDA,1
34578,ACT,1
34593,RDA,1
35683,ACT,1
35698,RDA,1
36922,ACT,1
36937,RDA,1
37891,ACT,1
37906,RDA,1
38346,ACT,1
38361,RDA,1
39165,ACT,1
39180,RDA,1
40304,ACT,1
40319,RDA,1
42113,ACT,1
42128,RDA,1
44208,ACT,1
44223,RDA,1
44775,ACT,1
44790,RDA,1
45455,ACT,1
45470,RDA,1
46916,ACT,1
46931,RDA,1
47256,ACT,1
47271,RDA,1
47738,ACT,1
47753,RDA,1
48449,ACT,1
48464,RDA,1
49154,ACT,1
49169,RDA,1
49878,ACT,1
49893,RDA,1
50590,ACT,1
50605,RDA,1
50933,ACT,1
50948,RDA,1
51328,ACT,1
51343,RDA,1
51575,ACT,2
51590,RDA,2
51626,ACT,2
51641,RDA,2
51677,ACT,2
51692,RDA,2
51732,ACT,2
51747,RDA,2
52101,ACT,1
52116,RDA,1
54592,ACT,1
54607,RDA,1
54741,ACT,1
54756,RDA,1
56297,ACT,1
56312,RDA,1
56915,ACT,1
56930,RDA,1
57946,ACT,1
57961,RDA,1
57997,ACT,1
58012,RDA,1
58048,ACT,1
58063,RDA,1
58099,ACT,1
58114,RDA,1
58150,ACT,1
58165,RDA,1
58201,ACT,1
58216,RDA,1
58252,ACT,1
58267,RDA,1
58303,ACT,1
58318,RDA,1
58354,ACT,1
58369,RDA,1
59459,ACT,1
59474,RDA,1
59510,ACT,0
59525,RDA,0
59714,ACT,1
59729,RDA,1
63366,ACT,2
63381,RDA,2
65422,ACT,1
65437,RDA,1
65473,ACT,1
65488,RDA,1
65695,ACT,0
65710,RDA,0
66129,ACT,0
66144,RDA,0
66180,ACT,0
66195,RDA,0
66231,ACT,0
66246,RDA,0
66282,ACT,0
66297,RDA,0
66333,ACT,0
66348,RDA,0
66384,ACT,0
66399,RDA,0
66435,ACT,0
66450,RDA,0
66486,ACT,0
66501,RDA,0
66537,ACT,0
66552,RDA,0
66588,ACT,0
66603,RDA,0
66639,ACT,0
66654,RDA,0
66690,ACT,0
66705,RDA,0
66741,ACT,0
66756,RDA,0
66792,ACT,0
66807,RDA,0
66843,ACT,0
66858,RDA,0
66894,ACT,0
66909,RDA,0
66945,ACT,0
66960,RDA,0
72770,ACT,0
72785,RDA,0
72821,ACT,0
72836,RDA,0
72872,ACT,0
72887,RDA,0
73873,ACT,0
73888,RDA,0
79738,ACT,1
79753,RDA,1
79789,ACT,1
79804,RDA,1
79840,ACT,1
79855,RDA,1
79974,ACT,1
79989,RDA,1
80318,ACT,1
80333,RDA,1
80510,ACT,1
80525,RDA,1
80702,ACT,1
80717,RDA,1
80894,ACT,1
80909,RDA,1
81088,ACT,1
81103,RDA,1
81305,ACT,1
81320,RDA,1
81513,ACT,1
81528,RDA,1
81721,ACT,1
81736,RDA,1
81934,ACT,1
81949,RDA,1
82199,ACT,1
82214,RDA,1
82455,ACT,1
82470,RDA,1
82711,ACT,1
82726,RDA,1
82967,ACT,1
82982,RDA,1
83223,ACT,1
83238,RDA,1
83490,ACT,1
83505,RDA,1
86262,ACT,1
86277,RDA,1
86452,ACT,0
86467,RDA,0
86503,ACT,0
86518,RDA,0
86710,ACT,0
86725,RDA,0
86761,ACT,0
86776,RDA,0
86812,ACT,0
86827,RDA,0
86863,ACT,0
86878,RDA,0
86914,ACT,0
86929,RDA,0
86965,ACT,0
86980,RDA,0
87016,ACT,0
87031,RDA,0
87067,ACT,0
87082,RDA,0
87118,ACT,0
87133,RDA,0
87169,ACT,0
87184,RDA,0
87220,ACT,0
87235,RDA,0
87616,ACT,2
87631,RDA,2
87667,ACT,2
87682,RDA,2
87718,ACT,2
87733,RDA,2
87769,ACT,2
87784,RDA,2
87820,ACT,2
87835,RDA,2
87871,ACT,2
87886,RDA,2
87887,ACT,3
87902,RDA,3
87938,ACT,3
87953,RDA,3
87989,ACT,3
88004,RDA,3
88040,ACT,3
88055,RDA,3
88128,ACT,3
88143,RDA,3
88179,ACT,3
88194,RDA,3
88230,ACT,3
88245,RDA,3
88281,ACT,3
88296,RDA,3
88332,ACT,3
88347,RDA,3
88383,ACT,3
88398,RDA,3
88399,ACT,2
88414,RDA,2
88450,ACT,2
88465,RDA,2
88501,ACT,2
88516,RDA,2
88552,ACT,2
88567,RDA,2
88603,ACT,2
88618,RDA,2
88654,ACT,2
88669,RDA,2
88705,ACT,2
88720,RDA,2
88756,ACT,2
88771,RDA,2
88807,ACT,2
88822,RDA,2
88858,ACT,2
88873,RDA,2
88909,ACT,2
88924,RDA,2
88960,ACT,2
88975,RDA,2
88976,ACT,3
88991,RDA,3
89027,ACT,3
89042,RDA,3
89478,ACT,3
89493,RDA,3
89529,ACT,3
89544,RDA,3
89580,ACT,3
89595,RDA,3
89631,ACT,3
89646,RDA,3
89682,ACT,3
89697,RDA,3
89733,ACT,3
89748,RDA,3
89784,ACT,3
89799,RDA,3
89835,ACT,3
89850,RDA,3
89957,ACT,3
89972,RDA,3
90008,ACT,3
90023,RDA,3
90059,ACT,3
90074,RDA,3
90110,ACT,3
90125,RDA,3
90161,ACT,3
90176,RDA,3
90212,ACT,3
90227,RDA,3
90263,ACT,3
90278,RDA,3
90314,ACT,3
90329,RDA,3
90365,ACT,3
90380,RDA,3
90654,ACT,3
90669,RDA,3
90705,ACT,3
90720,RDA,3
90756,ACT,3
90771,RDA,3
90807,ACT,3
90822,RDA,3
90858,ACT,3
90873,RDA,3
90941,ACT,3
90956,RDA,3
90992,ACT,3
91007,RDA,3
91043,ACT,3
91058,RDA,3
91094,ACT,3
91109,RDA,3
91145,ACT,3
91160,RDA,3
91330,ACT,0
91345,RDA,0
91637,ACT,3
91652,RDA,3
91688,ACT,3
91703,RDA,3
91739,ACT,3
91754,RDA,3
91790,ACT,3
91805,RDA,3
91841,ACT,3
91856,RDA,3
91892,ACT,3
91907,RDA,3
91943,ACT,3
91958,RDA,3
98656,ACT,0
98671,RDA,0
99021,ACT,3
99036,RDA,3
100541,ACT,0
100556,RDA,0
105681,ACT,0
105696,RDA,0
105732,ACT,0
105747,RDA,0
105783,ACT,0
105798,RDA,0
105834,ACT,0
105849,RDA,0
105917,ACT,0
105932,RDA,0
105968,ACT,0
105983,RDA,0
106019,ACT,0
106034,RDA,0
106070,ACT,0
106085,RDA,0
106225,ACT,0
106240,RDA,0
106276,ACT,0
106291,RDA,0
106327,ACT,0
106342,RDA,0
106560,ACT,0
106575,RDA,0
106611,ACT,0
106626,RDA,0
106662,ACT,0
106677,RDA,0
106713,ACT,0
106728,RDA,0
106729,ACT,1
106744,RDA,1
106780,ACT,1
106795,RDA,1
106831,ACT,1
106846,RDA,1
106882,ACT,1
106897,RDA,1
106933,ACT,1
106948,RDA,1
106984,ACT,1
106999,RDA,1
107035,ACT,1
107050,RDA,1
107086,ACT,1
107101,RDA,1
107169,ACT,1
107184,RDA,1
107220,ACT,1
107235,RDA,1
107405,ACT,1
107420,RDA,1
108476,ACT,1
108491,RDA,1
108527,ACT,1
108542,RDA,1
108578,ACT,1
108593,RDA,1
108629,ACT,1
108644,RDA,1
108680,ACT,1
108695,RDA,1
108731,ACT,1
108746,RDA,1
108782,ACT,1
108797,RDA,1
108833,ACT,1
108848,RDA,1
108884,ACT,1
108899,RDA,1
109034,ACT,1
109049,RDA,1
109085,ACT,1
109100,RDA,1
109374,ACT,1
109389,RDA,1
109425,ACT,1
109440,RDA,1
109476,ACT,1
109491,RDA,1
109527,ACT,1
109542,RDA,1
109578,ACT,1
109593,RDA,1
109629,ACT,1
109644,RDA,1
109680,ACT,1
109695,RDA,1
109731,ACT,1
109746,RDA,1
109782,ACT,1
109797,RDA,1
109833,ACT,1
109848,RDA,1
109884,ACT,1
109899,RDA,1
109935,ACT,1
109950,RDA,1
109986,ACT,1
110001,RDA,1
110037,ACT,1
110052,RDA,1
110088,ACT,1
110103,RDA,1
110139,ACT,1
110154,RDA,1
110190,ACT,1
110205,RDA,1
110241,ACT,1
110256,RDA,1
110292,ACT,1
110307,RDA,1
110343,ACT,1
110358,RDA,1
110394,ACT,1
110409,RDA,1
110445,ACT,1
110460,RDA,1
110496,ACT,1
110511,RDA,1
110547,ACT,1
110562,RDA,1
110598,ACT,1
110613,RDA,1
110649,ACT,1
110664,RDA,1
110700,ACT,1
110715,RDA,1
110751,ACT,1
110766,RDA,1
110802,ACT,1
110817,RDA,1
110853,ACT,1
110868,RDA,1
110904,ACT,1
110919,RDA,1
110955,ACT,1
110970,RDA,1
111006,ACT,1
111021,RDA,1
111057,ACT,1
111072,RDA,1
111108,ACT,1
111123,RDA,1
111159,ACT,1
111174,RDA,1
111210,ACT,1
111225,RDA,1
111261,ACT,1
111276,RDA,1
111312,ACT,1
111327,RDA,1
111363,ACT,1
111378,RDA,1
111414,ACT,1
111429,RDA,1
111465,ACT,1
111480,RDA,1
111650,ACT,0
111665,WRA,0
112672,ACT,1
112687,RDA,1
112806,ACT,1
112821,RDA,1
112857,ACT,1
112872,RDA,1
112908,ACT,1
112923,RDA,1
112959,ACT,1
112974,RDA,1
113010,ACT,1
113025,RDA,1
113061,ACT,1
113076,RDA,1
113112,ACT,1
113127,RDA,1
113163,ACT,1
113178,RDA,1
113214,ACT,1
113229,RDA,1
113265,ACT,1
113280,RDA,1
113316,ACT,1
113331,RDA,1
113367,ACT,1
113382,RDA,1
113418,ACT,1
113433,RDA,1
113469,ACT,1
113484,RDA,1
113552,ACT,1
113567,RDA,1
113603,ACT,1
113618,RDA,1
113654,ACT,1
113669,RDA,1
113705,ACT,1
113720,RDA,1
113721,ACT,2
113736,RDA,2
113772,ACT,2
113787,RDA,2
113823,ACT,2
113838,RDA,2
113874,ACT,2
113889,RDA,2
113925,ACT,2
113940,RDA,2
113976,ACT,2
113991,RDA,2
114027,ACT,2
114042,RDA,2
114078,ACT,2
114093,RDA,2
114129,ACT,2
114144,RDA,2
114180,ACT,2
114195,RDA,2
114231,ACT,2
114246,RDA,2
114282,ACT,2
114297,RDA,2
114333,ACT,2
114348,RDA,2
114384,ACT,2
114399,RDA,2
114435,ACT,2
114450,RDA,2
114486,ACT,2
114501,RDA,2
114537,ACT,2
114552,RDA,2
114588,ACT,2
114603,RDA,2
114639,ACT,2
114654,RDA,2
114690,ACT,2
114705,RDA,2
114741,ACT,2
114756,RDA,2
114792,ACT,2
114807,RDA,2
114843,ACT,2
114858,RDA,2
114894,ACT,2
114909,RDA,2
114945,ACT,2
114960,RDA,2
114961,ACT,3
114976,RDA,3
114996,ACT,2
115011,RDA,2
115047,ACT,2
115062,RDA,2
115063,ACT,3
115078,RDA,3
115114,ACT,3
115129,RDA,3
115130,ACT,0
115145,RDA,0
115181,ACT,0
115196,RDA,0
115232,ACT,0
115247,RDA,0
115283,ACT,0
115298,RDA,0
115334,ACT,0
115349,WRA,0
115392,ACT,0
115407,RDA,0
115443,ACT,0
115458,WRA,0
