35,ACT,0
50,RDA,0
86,ACT,0
101,RDA,0
102,ACT,2
117,RDA,2
137,ACT,0
152,RDA,0
159,ACT,3
174,RDA,3
195,ACT,0
210,RDA,0
248,ACT,3
263,RDA,3
809,ACT,0
824,RDA,0
825,ACT,2
840,RDA,2
860,ACT,0
875,RDA,0
911,ACT,0
926,RDA,0
927,ACT,1
942,RDA,1
978,ACT,1
993,RDA,1
1029,ACT,1
1044,RDA,1
1080,ACT,1
1095,RDA,1
1096,ACT,2
1111,RDA,2
1131,ACT,1
1146,RDA,1
1182,ACT,1
1197,RDA,1
1198,ACT,0
1213,RDA,0
1249,ACT,0
1264,RDA,0
1265,ACT,1
1280,RDA,1
1281,ACT,3
1296,RDA,3
1300,ACT,0
1315,RDA,0
1351,ACT,0
1366,RDA,0
1402,ACT,0
1417,RDA,0
1453,ACT,0
1468,RDA,0
1469,ACT,1
1484,RDA,1
1504,ACT,0
1519,RDA,0
1555,ACT,0
1570,RDA,0
1606,ACT,0
1621,RDA,0
1657,ACT,0
1672,RDA,0
1740,ACT,3
1755,RDA,3
1842,ACT,3
1857,RDA,3
1893,ACT,1
1908,RDA,1
1944,ACT,1
1959,RDA,1
1995,ACT,1
2010,RDA,1
2011,ACT,2
2026,RDA,2
2196,ACT,1
2211,RDA,1
2212,ACT,2
2227,RDA,2
2247,ACT,1
2262,RDA,1
2298,ACT,1
2313,RDA,1
2349,ACT,1
2364,RDA,1
2400,ACT,1
2415,RDA,1
2451,ACT,1
2466,RDA,1
2502,ACT,1
2517,RDA,1
2553,ACT,1
2568,RDA,1
2585,ACT,2
2600,RDA,2
2687,ACT,2
2702,RDA,2
2770,ACT,2
2785,RDA,2
2821,ACT,2
2836,RDA,2
2837,ACT,3
2852,RDA,3
2920,ACT,2
2935,RDA,2
2936,ACT,1
2951,RDA,1
2987,ACT,1
3002,RDA,1
3019,ACT,2
3034,RDA,2
3188,REF,0
3292,ACT,1
3307,RDA,1
3343,ACT,1
3358,RDA,1
3359,ACT,3
3374,RDA,3
3394,ACT,1
3409,RDA,1
3410,ACT,3
3425,RDA,3
3461,ACT,3
3476,RDA,3
3512,ACT,3
3527,RDA,3
3563,ACT,3
3578,RDA,3
3614,ACT,3
3629,RDA,3
3665,ACT,3
3680,RDA,3
3716,ACT,3
3731,RDA,3
3767,ACT,3
3782,RDA,3
3818,ACT,3
3833,RDA,3
3869,ACT,3
3884,RDA,3
3920,ACT,3
3935,RDA,3
3971,ACT,3
3986,RDA,3
4022,ACT,3
4037,RDA,3
4073,ACT,3
4088,RDA,3
4124,ACT,3
4139,RDA,3
4175,ACT,3
4190,RDA,3
4226,ACT,3
4241,RDA,3
4277,ACT,3
4292,RDA,3
4328,ACT,3
4343,RDA,3
4379,ACT,3
4394,RDA,3
4430,ACT,3
4445,RDA,3
4481,ACT,3
4496,RDA,3
4532,ACT,3
4547,RDA,3
4583,ACT,3
4598,RDA,3
4634,ACT,3
4649,RDA,3
4685,ACT,3
4700,RDA,3
4736,ACT,3
4751,RDA,3
4787,ACT,3
4802,RDA,3
4838,ACT,3
4853,RDA,3
4889,ACT,3
4904,RDA,3
4940,ACT,3
4955,RDA,3
4991,ACT,3
5006,RDA,3
5042,ACT,3
5057,RDA,3
5093,ACT,3
5108,RDA,3
5144,ACT,3
5159,RDA,3
5195,ACT,3
5210,RDA,3
5246,ACT,3
5261,RDA,3
5297,ACT,3
5312,RDA,3
5348,ACT,3
5363,RDA,3
5399,ACT,3
5414,RDA,3
5450,ACT,3
5465,RDA,3
5501,ACT,3
5516,RDA,3
5552,ACT,3
5567,RDA,3
5603,ACT,3
5618,RDA,3
5654,ACT,3
5669,RDA,3
5705,ACT,3
5720,RDA,3
5756,ACT,3
5771,RDA,3
5807,ACT,3
5822,RDA,3
5858,ACT,3
5873,RDA,3
5909,ACT,3
5924,RDA,3
5960,ACT,3
5975,RDA,3
6011,ACT,3
6026,RDA,3
6062,ACT,3
6077,RDA,3
6113,ACT,3
6128,RDA,3
6164,ACT,3
6179,RDA,3
6215,ACT,3
6230,RDA,3
6266,ACT,3
6281,RDA,3
6317,REF,0
6421,ACT,3
6436,RDA,3
6472,ACT,3
6487,RDA,3
6523,ACT,3
6538,RDA,3
6574,ACT,3
6589,RDA,3
6625,ACT,3
6640,RDA,3
6676,ACT,3
6691,RDA,3
9395,REF,0
12559,REF,0
13578,ACT,3
13593,RDA,3
13935,ACT,3
13950,RDA,3
15669,REF,0
16500,ACT,1
16515,RDA,1
16532,ACT,2
16547,RDA,2
16583,ACT,2
16598,RDA,2
16634,ACT,2
16649,RDA,2
16685,ACT,2
16700,RDA,2
16768,ACT,2
16783,RDA,2
16851,ACT,0
16866,RDA,0
16902,ACT,0
16917,RDA,0
17648,ACT,0
17663,RDA,0
17699,ACT,2
17714,RDA,2
17750,ACT,2
17765,RDA,2
17801,ACT,2
17816,RDA,2
17852,ACT,2
17867,RDA,2
17903,ACT,2
17918,RDA,2
17954,ACT,2
17969,RDA,2
18802,REF,0
19228,ACT,2
19243,RDA,2
19279,ACT,2
19294,RDA,2
19362,ACT,2
19377,RDA,2
19598,ACT,1
19613,RDA,1
20070,ACT,2
20085,RDA,2
20274,ACT,2
20289,RDA,2
20325,ACT,2
20340,RDA,2
20376,ACT,2
20391,RDA,2
20561,ACT,3
20576,RDA,3
20593,ACT,0
20608,RDA,0
20625,ACT,2
20640,RDA,2
20676,ACT,2
20691,RDA,2
20727,ACT,2
20742,RDA,2
20963,ACT,2
20978,RDA,2
21014,ACT,2
21029,RDA,2
21065,ACT,2
21080,RDA,2
21116,ACT,2
21131,RDA,2
21167,ACT,2
21182,RDA,2
21183,ACT,3
21198,RDA,3
21218,ACT,2
21233,RDA,2
21269,ACT,2
21284,RDA,2
21320,ACT,2
21335,RDA,2
21371,ACT,2
21386,RDA,2
21387,ACT,1
21402,RDA,1
21486,ACT,3
21501,RDA,3
21537,ACT,3
21552,RDA,3
21588,ACT,2
21603,RDA,2
21639,ACT,2
21654,RDA,2
21690,ACT,2
21705,RDA,2
21741,ACT,2
21756,RDA,2
21792,ACT,2
21807,RDA,2
21843,ACT,2
21858,RDA,2
21894,REF,0
21998,ACT,2
22013,RDA,2
22049,ACT,2
22064,RDA,2
22100,ACT,2
22115,RDA,2
22151,ACT,2
22166,RDA,2
22167,ACT,3
22182,RDA,3
22183,ACT,1
22198,RDA,1
22202,ACT,2
22217,RDA,2
22253,ACT,2
22268,RDA,2
22304,ACT,2
22319,RDA,2
22355,ACT,2
22370,RDA,2
22406,ACT,2
22421,RDA,2
22457,ACT,2
22472,RDA,2
22508,ACT,2
22523,RDA,2
22559,ACT,2
22574,RDA,2
22610,ACT,2
22625,RDA,2
22626,ACT,1
22641,RDA,1
22661,ACT,2
22676,RDA,2
22677,ACT,0
22692,RDA,0
22693,ACT,3
22708,RDA,3
22744,ACT,3
22759,RDA,3
22795,ACT,3
22810,RDA,3
22846,ACT,3
22861,RDA,3
22897,ACT,3
22912,RDA,3
22948,ACT,3
22963,RDA,3
22999,ACT,3
23014,RDA,3
23015,ACT,2
23030,RDA,2
23050,ACT,3
23065,RDA,3
23101,ACT,3
23116,RDA,3
23152,ACT,3
23167,RDA,3
23203,ACT,3
23218,RDA,3
23254,ACT,3
23269,RDA,3
23490,ACT,0
23505,RDA,0
23541,ACT,0
23556,RDA,0
23592,ACT,0
23607,RDA,0
23608,ACT,3
23623,RDA,3
23659,ACT,3
23674,RDA,3
23710,ACT,3
23725,RDA,3
23742,ACT,0
23757,RDA,0
23758,ACT,2
23773,RDA,2
23793,ACT,0
23808,RDA,0
23809,ACT,2
23824,RDA,2
23844,ACT,0
23859,RDA,0
23876,ACT,2
23891,RDA,2
23895,ACT,0
23910,RDA,0
23927,ACT,2
23942,RDA,2
23946,ACT,0
23961,RDA,0
23997,ACT,0
24012,RDA,0
24013,ACT,3
24028,RDA,3
24064,ACT,3
24079,RDA,3
24115,ACT,3
24130,RDA,3
24166,ACT,3
24181,RDA,3
24217,ACT,3
24232,RDA,3
24268,ACT,3
24283,RDA,3
24319,ACT,3
24334,RDA,3
24335,ACT,1
24350,RDA,1
24370,ACT,3
24385,RDA,3
24421,ACT,3
24436,RDA,3
24472,ACT,3
24487,RDA,3
24523,ACT,3
24538,RDA,3
24574,ACT,3
24589,RDA,3
24625,ACT,3
24640,RDA,3
24676,ACT,3
24691,RDA,3
24727,ACT,3
24742,RDA,3
24998,REF,0
25577,ACT,3
25592,RDA,3
25628,ACT,3
25643,RDA,3
25679,ACT,3
25694,RDA,3
25730,ACT,3
25745,RDA,3
25781,ACT,3
25796,RDA,3
25832,ACT,3
25847,RDA,3
25883,ACT,3
25898,RDA,3
25934,ACT,3
25949,RDA,3
25985,ACT,3
26000,RDA,3
26001,ACT,2
26016,RDA,2
26017,ACT,0
26032,RDA,0
26036,ACT,3
26051,RDA,3
26087,ACT,3
26102,RDA,3
26103,ACT,2
26118,RDA,2
26119,ACT,0
26134,RDA,0
26170,ACT,0
26185,RDA,0
26221,ACT,0
26236,RDA,0
26272,ACT,0
26287,RDA,0
26288,ACT,1
26303,RDA,1
26304,ACT,2
26319,RDA,2
26355,ACT,2
26370,RDA,2
26406,ACT,2
26421,RDA,2
26422,ACT,0
26437,RDA,0
26473,ACT,0
26488,RDA,0
26505,ACT,2
26520,RDA,2
26524,ACT,0
26539,RDA,0
26575,ACT,0
26590,RDA,0
26607,ACT,2
26622,RDA,2
26626,ACT,0
26641,RDA,0
26677,ACT,0
26692,RDA,0
26728,ACT,0
26743,RDA,0
26779,ACT,0
26794,RDA,0
26862,ACT,0
26877,RDA,0
26878,ACT,2
26893,RDA,2
26913,ACT,0
26928,RDA,0
26929,ACT,2
26944,RDA,2
26945,ACT,3
26960,RDA,3
26996,ACT,3
27011,RDA,3
27047,ACT,3
27062,RDA,3
27098,ACT,3
27113,RDA,3
27149,ACT,3
27164,RDA,3
27200,ACT,3
27215,RDA,3
27251,ACT,3
27266,RDA,3
27302,ACT,3
27317,RDA,3
27353,ACT,3
27368,RDA,3
27404,ACT,3
27419,RDA,3
27455,ACT,3
27470,RDA,3
27589,ACT,3
27604,RDA,3
28134,REF,0
28238,ACT,1
28253,RDA,1
28372,ACT,1
28387,RDA,1
28423,ACT,1
28438,RDA,1
28474,ACT,1
28489,RDA,1
28525,ACT,1
28540,RDA,1
28541,ACT,2
28556,RDA,2
28576,ACT,1
28591,RDA,1
28627,ACT,1
28642,RDA,1
28761,ACT,1
28776,RDA,1
28777,ACT,3
28792,RDA,3
28828,ACT,3
28843,RDA,3
28879,ACT,3
28894,RDA,3
28930,ACT,3
28945,RDA,3
28981,ACT,3
28996,RDA,3
29032,ACT,3
29047,RDA,3
29083,ACT,3
29098,RDA,3
29134,ACT,3
29149,RDA,3
29150,ACT,1
29165,RDA,1
29201,ACT,1
29216,RDA,1
29335,ACT,3
29350,RDA,3
29386,ACT,3
29401,RDA,3
29437,ACT,3
29452,RDA,3
29453,ACT,0
29468,RDA,0
30117,ACT,0
30132,RDA,0
31152,ACT,0
31167,RDA,0
31203,REF,0
31307,ACT,0
31322,RDA,0
32209,ACT,0
32224,RDA,0
33183,ACT,0
33198,RDA,0
33278,ACT,0
33293,RDA,0
33936,ACT,0
33951,RDA,0
34320,REF,0
35107,ACT,0
35122,RDA,0
35279,ACT,0
35294,RDA,0
36230,ACT,0
36245,RDA,0
36375,ACT,0
36390,RDA,0
37440,REF,0
37561,ACT,0
37576,RDA,0
37643,ACT,0
37658,RDA,0
38894,ACT,0
38909,RDA,0
39039,ACT,0
39054,RDA,0
39529,ACT,0
39544,RDA,0
39569,ACT,2
39584,RDA,2
39620,ACT,2
39635,RDA,2
39925,ACT,2
39940,RDA,2
40005,ACT,0
40020,RDA,0
40218,ACT,0
40233,RDA,0
40560,REF,0
40664,ACT,0
40679,RDA,0
41154,ACT,2
41169,RDA,2
41517,ACT,0
41532,RDA,0
41855,ACT,3
41870,RDA,3
41980,ACT,0
41995,RDA,0
42976,ACT,0
42991,RDA,0
43633,ACT,0
43648,RDA,0
43684,REF,0
43788,ACT,0
43803,RDA,0
44380,ACT,0
44395,RDA,0
45051,ACT,0
45066,RDA,0
46045,ACT,0
46060,RDA,0
46140,ACT,0
46155,RDA,0
46800,REF,0
47008,ACT,0
47023,RDA,0
48010,ACT,0
48025,RDA,0
48672,ACT,0
48687,RDA,0
49329,ACT,0
49344,RDA,0
49929,REF,0
50033,ACT,0
50048,RDA,0
50685,ACT,0
50700,RDA,0
51370,ACT,0
51385,RDA,0
51421,ACT,0
51436,RDA,0
51472,ACT,0
51487,RDA,0
51532,ACT,0
51547,RDA,0
52012,ACT,0
52027,RDA,0
52141,ACT,0
52156,RDA,0
52341,ACT,0
52356,RDA,0
53040,REF,0
53159,ACT,0
53174,RDA,0
53418,ACT,0
53433,RDA,0
55766,ACT,0
55781,RDA,0
56160,REF,0
58370,ACT,2
58385,RDA,2
58421,ACT,2
58436,RDA,2
58472,ACT,2
58487,RDA,2
58523,ACT,2
58538,RDA,2
58574,ACT,2
58589,RDA,2
58625,ACT,2
58640,RDA,2
58676,ACT,2
58691,RDA,2
58727,ACT,2
58742,RDA,2
58778,ACT,2
58793,RDA,2
58829,ACT,2
58844,RDA,2
58880,ACT,2
58895,RDA,2
58931,ACT,2
58946,RDA,2
58982,ACT,2
58997,RDA,2
59033,ACT,2
59048,RDA,2
59084,ACT,2
59099,RDA,2
59135,ACT,2
59150,RDA,2
59186,ACT,2
59201,RDA,2
59237,ACT,2
59252,RDA,2
59288,ACT,2
59303,RDA,2
59339,REF,0
59443,ACT,2
59458,RDA,2
59494,ACT,2
59509,RDA,2
59545,ACT,2
59560,RDA,2
59596,ACT,2
59611,RDA,2
59647,ACT,2
59662,RDA,2
59698,ACT,2
59713,RDA,2
59730,ACT,0
59745,RDA,0
59781,ACT,0
59796,RDA,0
59832,ACT,0
59847,RDA,0
59883,ACT,0
59898,RDA,0
59934,ACT,0
59949,RDA,0
59985,ACT,0
60000,RDA,0
60036,ACT,0
60051,RDA,0
60087,ACT,0
60102,RDA,0
60103,ACT,1
60118,RDA,1
60154,ACT,1
60169,RDA,1
60205,ACT,1
60220,RDA,1
60256,ACT,1
60271,RDA,1
60307,ACT,1
60322,RDA,1
60358,ACT,1
60373,RDA,1
60409,ACT,1
60424,RDA,1
60460,ACT,1
60475,RDA,1
60511,ACT,1
60526,RDA,1
60562,ACT,1
60577,RDA,1
60613,ACT,1
60628,RDA,1
60664,ACT,1
60679,RDA,1
60715,ACT,1
60730,RDA,1
60766,ACT,1
60781,RDA,1
60782,ACT,2
60797,RDA,2
60817,ACT,1
60832,RDA,1
60868,ACT,1
60883,RDA,1
60919,ACT,1
60934,RDA,1
60970,ACT,1
60985,RDA,1
61021,ACT,1
61036,RDA,1
61072,ACT,1
61087,RDA,1
61123,ACT,1
61138,RDA,1
61174,ACT,1
61189,RDA,1
61225,ACT,1
61240,RDA,1
61276,ACT,1
61291,RDA,1
61327,ACT,1
61342,RDA,1
61378,ACT,1
61393,RDA,1
61429,ACT,1
61444,RDA,1
61480,ACT,1
61495,RDA,1
61531,ACT,1
61546,RDA,1
61582,ACT,1
61597,RDA,1
61633,ACT,1
61648,RDA,1
61684,ACT,1
61699,RDA,1
61735,ACT,1
61750,RDA,1
61786,ACT,1
61801,RDA,1
61837,ACT,1
61852,RDA,1
61888,ACT,1
61903,RDA,1
61939,ACT,1
61954,RDA,1
61990,ACT,1
62005,RDA,1
62041,ACT,1
62056,RDA,1
62057,ACT,0
62072,RDA,0
62108,ACT,0
62123,RDA,0
62124,ACT,1
62139,RDA,1
62159,ACT,0
62174,RDA,0
62210,ACT,0
62225,RDA,0
62261,ACT,0
62276,RDA,0
62277,ACT,1
62292,RDA,1
62328,ACT,1
62343,RDA,1
62379,ACT,1
62394,RDA,1
62430,ACT,1
62445,RDA,1
62481,REF,0
62585,ACT,1
62600,RDA,1
62636,ACT,1
62651,RDA,1
62687,ACT,1
62702,RDA,1
62738,ACT,1
62753,RDA,1
62789,ACT,1
62804,RDA,1
62840,ACT,1
62855,RDA,1
62891,ACT,1
62906,RDA,1
62942,ACT,1
62957,RDA,1
62993,ACT,1
63008,RDA,1
63044,ACT,1
63059,RDA,1
63095,ACT,1
63110,RDA,1
63146,ACT,1
63161,RDA,1
63197,ACT,1
63212,RDA,1
63248,ACT,1
63263,RDA,1
63299,ACT,1
63314,RDA,1
63350,ACT,1
63365,RDA,1
63401,ACT,1
63416,RDA,1
63452,ACT,1
63467,RDA,1
63503,ACT,1
63518,RDA,1
63554,ACT,1
63569,RDA,1
63605,ACT,1
63620,RDA,1
63656,ACT,1
63671,RDA,1
63707,ACT,1
63722,RDA,1
63758,ACT,1
63773,RDA,1
63809,ACT,1
63824,RDA,1
63860,ACT,1
63875,RDA,1
63911,ACT,1
63926,RDA,1
63962,ACT,1
63977,RDA,1
64013,ACT,1
64028,RDA,1
64064,ACT,1
64079,RDA,1
64115,ACT,1
64130,RDA,1
64166,ACT,1
64181,RDA,1
64217,ACT,1
64232,RDA,1
64268,ACT,1
64283,RDA,1
64319,ACT,1
64334,RDA,1
64370,ACT,1
64385,RDA,1
64421,ACT,1
64436,RDA,1
64472,ACT,1
64487,RDA,1
64523,ACT,1
64538,RDA,1
64574,ACT,1
64589,RDA,1
64625,ACT,1
64640,RDA,1
64676,ACT,1
64691,RDA,1
64727,ACT,1
64742,RDA,1
64778,ACT,1
64793,RDA,1
64829,ACT,1
64844,RDA,1
64880,ACT,1
64895,RDA,1
64931,ACT,1
64946,RDA,1
64982,ACT,1
64997,RDA,1
65033,ACT,1
65048,RDA,1
65084,ACT,1
65099,RDA,1
65135,ACT,1
65150,RDA,1
65186,ACT,1
65201,RDA,1
65202,ACT,2
65217,RDA,2
65237,ACT,1
65252,RDA,1
65288,ACT,1
65303,RDA,1
65339,ACT,1
65354,RDA,1
65355,ACT,2
65370,RDA,2
65390,ACT,1
65405,RDA,1
65406,ACT,0
65421,RDA,0
65489,ACT,0
65504,RDA,0
65540,ACT,0
65555,RDA,0
65591,REF,0
65711,ACT,2
65726,RDA,2
65727,ACT,3
65742,RDA,3
65778,ACT,3
65793,RDA,3
65794,ACT,2
65809,RDA,2
65845,ACT,2
65860,RDA,2
65861,ACT,3
65876,RDA,3
65912,ACT,3
65927,RDA,3
65963,ACT,3
65978,RDA,3
65979,ACT,0
65994,RDA,0
65995,ACT,2
66010,RDA,2
66030,ACT,0
66045,RDA,0
66046,ACT,3
66061,RDA,3
66081,ACT,0
66096,RDA,0
66097,ACT,2
66112,RDA,2
66113,ACT,3
66128,RDA,3
66247,ACT,2
66262,RDA,2
66400,ACT,2
66415,RDA,2
66961,ACT,0
66976,RDA,0
67012,ACT,0
67027,RDA,0
67028,ACT,2
67043,RDA,2
67063,ACT,0
67078,RDA,0
67079,ACT,3
67094,RDA,3
67095,ACT,2
67110,RDA,2
67114,ACT,0
67129,RDA,0
67165,ACT,0
67180,RDA,0
67181,ACT,2
67196,RDA,2
67216,ACT,0
67231,RDA,0
67267,ACT,0
67282,RDA,0
67329,ACT,0
67344,RDA,0
67380,ACT,0
67395,RDA,0
67431,ACT,0
67446,RDA,0
67482,ACT,0
67497,RDA,0
67773,ACT,0
67788,RDA,0
68640,REF,0
68954,ACT,2
68969,RDA,2
70140,ACT,2
70155,RDA,2
71329,ACT,2
71344,RDA,2
71760,REF,0
72514,ACT,2
72529,RDA,2
72730,ACT,2
72745,RDA,2
74880,REF,0
75137,ACT,2
75152,RDA,2
75656,ACT,2
75671,RDA,2
75696,ACT,3
75711,RDA,3
75747,ACT,3
75762,RDA,3
75765,ACT,0
75780,RDA,0
75798,ACT,3
75813,RDA,3
75849,ACT,3
75864,RDA,3
75900,ACT,3
75915,RDA,3
75958,ACT,3
75973,RDA,3
76054,ACT,2
76069,RDA,2
76150,ACT,2
76165,RDA,2
76246,ACT,2
76261,RDA,2
76342,ACT,2
76357,RDA,2
76438,ACT,2
76453,RDA,2
76534,ACT,2
76549,RDA,2
76630,ACT,2
76645,RDA,2
76748,ACT,2
76763,RDA,2
76844,ACT,2
76859,RDA,2
76940,ACT,2
76955,RDA,2
77036,ACT,2
77051,RDA,2
77132,ACT,2
77147,RDA,2
77228,ACT,2
77243,RDA,2
77324,ACT,2
77339,RDA,2
77420,ACT,2
77435,RDA,2
77516,ACT,2
77531,RDA,2
77612,ACT,2
77627,RDA,2
77708,ACT,2
77723,RDA,2
77804,ACT,2
77819,RDA,2
77900,ACT,2
77915,RDA,2
77996,ACT,2
78011,RDA,2
78047,REF,0
78151,ACT,2
78166,RDA,2
78202,ACT,2
78217,RDA,2
78299,ACT,2
78314,RDA,2
78395,ACT,2
78410,RDA,2
78491,ACT,2
78506,RDA,2
78587,ACT,2
78602,RDA,2
78683,ACT,2
78698,RDA,2
78779,ACT,2
78794,RDA,2
78875,ACT,2
78890,RDA,2
78971,ACT,2
78986,RDA,2
79031,ACT,2
79046,RDA,2
79075,ACT,0
79090,RDA,0
79126,ACT,0
79141,RDA,0
79177,ACT,0
79192,RDA,0
79228,ACT,0
79243,RDA,0
79279,ACT,0
79294,RDA,0
79330,ACT,0
79345,RDA,0
79409,ACT,0
79424,RDA,0
79694,ACT,3
79709,RDA,3
79856,ACT,0
79871,RDA,0
79907,ACT,0
79922,RDA,0
79958,ACT,0
79973,RDA,0
80126,ACT,0
80141,RDA,0
81139,REF,0
83611,ACT,0
83626,RDA,0
83726,ACT,0
83741,RDA,0
83837,ACT,0
83852,RDA,0
83951,ACT,0
83966,RDA,0
84002,ACT,0
84017,RDA,0
84062,ACT,3
84077,RDA,3
84179,ACT,0
84194,RDA,0
84230,ACT,0
84245,RDA,0
84281,REF,0
84385,ACT,3
84400,RDA,3
84401,ACT,0
84416,RDA,0
85467,ACT,0
85482,RDA,0
85611,ACT,0
85626,RDA,0
85740,ACT,0
85755,RDA,0
85791,ACT,0
85806,RDA,0
86087,ACT,0
86102,RDA,0
86298,ACT,0
86313,RDA,0
86367,ACT,0
86382,RDA,0
86410,ACT,1
86425,RDA,1
86541,ACT,0
86556,RDA,0
86592,ACT,0
86607,RDA,0
86643,ACT,0
86658,RDA,0
86694,ACT,0
86709,RDA,0
87032,ACT,2
87047,RDA,2
87241,ACT,0
87256,RDA,0
87292,ACT,0
87307,RDA,0
87343,ACT,0
87358,RDA,0
87394,REF,0
87498,ACT,0
87513,RDA,0
87549,ACT,0
87564,RDA,0
87600,ACT,0
87615,RDA,0
87632,ACT,3
87647,RDA,3
87954,ACT,3
87969,RDA,3
88095,ACT,3
88110,RDA,3
89043,ACT,0
89058,RDA,0
89059,ACT,1
89074,RDA,1
89094,ACT,0
89109,RDA,0
89145,ACT,0
89160,RDA,0
89247,ACT,0
89262,RDA,0
89360,ACT,0
89375,RDA,0
89411,ACT,0
89426,RDA,0
89462,ACT,0
89477,RDA,0
90381,ACT,2
90396,RDA,2
90432,ACT,2
90447,RDA,2
90483,ACT,2
90498,RDA,2
90534,REF,0
90638,ACT,2
90653,RDA,2
90670,ACT,1
90685,RDA,1
90772,ACT,2
90787,RDA,2
90874,ACT,2
90889,RDA,2
90925,ACT,2
90940,RDA,2
91161,ACT,1
91176,RDA,1
91212,ACT,1
91227,RDA,1
91263,ACT,1
91278,RDA,1
91314,ACT,1
91329,RDA,1
91590,ACT,0
91605,RDA,0
91986,ACT,2
92001,RDA,2
92025,ACT,0
92040,RDA,0
92076,ACT,0
92091,RDA,0
92127,ACT,0
92142,RDA,0
92178,ACT,0
92193,RDA,0
92229,ACT,0
92244,RDA,0
92280,ACT,0
92295,RDA,0
92331,ACT,0
92346,RDA,0
92382,ACT,0
92397,RDA,0
92433,ACT,0
92448,RDA,0
92484,ACT,0
92499,RDA,0
92535,ACT,0
92550,RDA,0
92586,ACT,0
92601,RDA,0
92637,ACT,0
92652,RDA,0
92688,ACT,0
92703,RDA,0
92739,ACT,0
92754,RDA,0
92790,ACT,0
92805,RDA,0
92841,ACT,0
92856,RDA,0
92892,ACT,0
92907,RDA,0
92943,ACT,0
92958,RDA,0
92994,ACT,0
93009,RDA,0
93045,ACT,0
93060,RDA,0
93096,ACT,0
93111,RDA,0
93147,ACT,0
93162,RDA,0
93198,ACT,0
93213,RDA,0
93249,ACT,0
93264,RDA,0
93300,ACT,0
93315,RDA,0
93351,ACT,0
93366,RDA,0
93402,ACT,0
93417,RDA,0
93418,ACT,1
93433,RDA,1
93469,ACT,1
93484,RDA,1
93520,ACT,1
93535,RDA,1
93571,ACT,1
93586,RDA,1
93622,ACT,1
93637,RDA,1
93673,REF,0
93777,ACT,1
93792,RDA,1
93828,ACT,1
93843,RDA,1
93879,ACT,1
93894,RDA,1
93930,ACT,1
93945,RDA,1
93981,ACT,1
93996,RDA,1
94032,ACT,1
94047,RDA,1
94083,ACT,1
94098,RDA,1
94134,ACT,1
94149,RDA,1
94185,ACT,1
94200,RDA,1
94236,ACT,1
94251,RDA,1
94252,ACT,0
94267,RDA,0
94287,ACT,1
94302,RDA,1
94338,ACT,1
94353,RDA,1
94389,ACT,1
94404,RDA,1
94440,ACT,1
94455,RDA,1
94491,ACT,1
94506,RDA,1
94542,ACT,1
94557,RDA,1
94593,ACT,1
94608,RDA,1
94644,ACT,1
94659,RDA,1
94695,ACT,1
94710,RDA,1
94746,ACT,1
94761,RDA,1
94797,ACT,1
94812,RDA,1
94813,ACT,2
94828,RDA,2
94963,ACT,0
94978,RDA,0
95014,ACT,0
95029,RDA,0
95065,ACT,0
95080,RDA,0
95116,ACT,0
95131,RDA,0
95132,ACT,1
95147,RDA,1
95183,ACT,1
95198,RDA,1
95234,ACT,1
95249,RDA,1
95285,ACT,1
95300,RDA,1
95336,ACT,1
95351,RDA,1
95387,ACT,1
95402,RDA,1
95438,ACT,1
95453,RDA,1
95489,ACT,1
95504,RDA,1
95540,ACT,1
95555,RDA,1
95591,ACT,1
95606,RDA,1
95642,ACT,1
95657,RDA,1
95693,ACT,1
95708,RDA,1
95744,ACT,1
95759,RDA,1
95795,ACT,1
95810,RDA,1
95846,ACT,1
95861,RDA,1
95862,ACT,0
95877,RDA,0
95913,ACT,0
95928,RDA,0
96720,REF,0
98466,ACT,0
98481,RDA,0
98968,ACT,0
98983,RDA,0
99840,REF,0
100296,ACT,2
100311,RDA,2
100912,ACT,0
100927,RDA,0
102960,REF,0
104679,ACT,2
104694,RDA,2
104979,ACT,0
104994,RDA,0
105117,ACT,2
105132,RDA,2
105156,ACT,0
105171,RDA,0
105207,ACT,0
105222,RDA,0
105276,ACT,0
105291,RDA,0
105308,ACT,1
105323,RDA,1
105359,ACT,1
105374,RDA,1
105410,ACT,1
105425,RDA,1
105461,ACT,1
105476,RDA,1
105512,ACT,1
105527,RDA,1
105563,ACT,1
105578,RDA,1
105614,ACT,1
105629,RDA,1
105665,ACT,1
105680,RDA,1
105850,ACT,3
105865,RDA,3
105901,ACT,3
105916,RDA,3
105933,ACT,1
105948,RDA,1
105984,ACT,3
105999,RDA,3
106121,REF,0
106343,ACT,3
106358,RDA,3
106359,ACT,0
106374,RDA,0
106410,ACT,0
106425,RDA,0
106426,ACT,3
106441,RDA,3
106477,ACT,3
106492,RDA,3
106493,ACT,0
106508,RDA,0
106528,ACT,3
106543,RDA,3
106544,ACT,0
106559,RDA,0
106898,ACT,3
106913,RDA,3
106949,ACT,3
106964,RDA,3
107102,ACT,3
107117,RDA,3
107153,ACT,3
107168,RDA,3
107204,ACT,3
107219,RDA,3
107236,ACT,0
107251,RDA,0
107287,ACT,0
107302,RDA,0
107338,ACT,0
107353,RDA,0
107389,ACT,0
107404,RDA,0
107440,ACT,0
107455,RDA,0
107491,ACT,0
107506,RDA,0
107542,ACT,0
107557,RDA,0
107593,ACT,0
107608,RDA,0
107609,ACT,1
107624,RDA,1
107644,ACT,0
107659,RDA,0
107695,ACT,0
107710,RDA,0
107746,ACT,0
107761,RDA,0
107797,ACT,0
107812,RDA,0
107848,ACT,0
107863,RDA,0
107899,ACT,0
107914,RDA,0
107950,ACT,0
107965,RDA,0
108001,ACT,0
108016,RDA,0
108052,ACT,0
108067,RDA,0
108103,ACT,0
108118,RDA,0
108154,ACT,0
108169,RDA,0
108170,ACT,3
108185,RDA,3
108205,ACT,0
108220,RDA,0
108256,ACT,0
108271,RDA,0
108307,ACT,0
108322,RDA,0
108358,ACT,0
108373,RDA,0
108409,ACT,0
108424,RDA,0
108460,ACT,0
108475,RDA,0
108900,ACT,0
108915,RDA,0
108951,ACT,0
108966,RDA,0
109002,ACT,0
109017,RDA,0
109018,ACT,3
109033,RDA,3
109101,ACT,0
109116,RDA,0
109152,ACT,0
109167,RDA,0
109203,ACT,0
109218,RDA,0
109254,REF,0
109358,ACT,0
109373,RDA,0
109798,ACT,3
109813,RDA,3
109951,ACT,0
109966,RDA,0
111022,ACT,3
111037,RDA,3
111277,ACT,1
111292,RDA,1
111481,ACT,0
111496,RDA,0
111532,ACT,0
111547,RDA,0
111548,ACT,3
111563,RDA,3
111583,ACT,0
111598,RDA,0
111634,ACT,0
111649,RDA,0
111685,ACT,0
111700,RDA,0
111736,ACT,0
111751,RDA,0
111787,ACT,0
111802,RDA,0
111838,ACT,0
111853,RDA,0
111889,ACT,0
111904,RDA,0
111940,ACT,0
111955,RDA,0
111991,ACT,0
112006,RDA,0
112042,ACT,0
112057,RDA,0
112093,ACT,0
112108,RDA,0
112144,ACT,0
112159,RDA,0
112195,ACT,0
112210,RDA,0
112246,ACT,0
112261,RDA,0
112297,ACT,0
112312,RDA,0
112348,ACT,0
112363,RDA,0
112399,REF,0
112503,ACT,0
112518,RDA,0
112554,ACT,0
112569,RDA,0
112605,ACT,0
112620,RDA,0
112656,ACT,0
112671,RDA,0
112688,ACT,1
112703,RDA,1
112739,ACT,1
112754,RDA,1
112790,ACT,1
112805,RDA,1
113485,ACT,1
113500,RDA,1
113536,ACT,1
113551,RDA,1
115146,ACT,3
115161,RDA,3
115248,ACT,3
115263,RDA,3
